The system is: Linux - 5.10.102.1-microsoft-standard-WSL2 - x86_64
Compiling the C compiler identification source file "CMakeCCompilerId.c" succeeded.
Compiler: /usr/bin/cc 
Build flags: 
Id flags:  

The output was:
0


Compilation of the C compiler identification source "CMakeCCompilerId.c" produced "a.out"

The C compiler identification is GNU, found in "/home/sichunqin/code/cmocka-1.1.3/build/CMakeFiles/3.16.3/CompilerIdC/a.out"

Determining if the C compiler works passed with the following output:
Change Dir: /home/sichunqin/code/cmocka-1.1.3/build/CMakeFiles/CMakeTmp

Run Build Command(s):/usr/bin/make cmTC_b336c/fast && /usr/bin/make -f CMakeFiles/cmTC_b336c.dir/build.make CMakeFiles/cmTC_b336c.dir/build
make[1]: Entering directory '/home/sichunqin/code/cmocka-1.1.3/build/CMakeFiles/CMakeTmp'
Building C object CMakeFiles/cmTC_b336c.dir/testCCompiler.c.o
/usr/bin/cc    -o CMakeFiles/cmTC_b336c.dir/testCCompiler.c.o   -c /home/sichunqin/code/cmocka-1.1.3/build/CMakeFiles/CMakeTmp/testCCompiler.c
Linking C executable cmTC_b336c
/usr/bin/cmake -E cmake_link_script CMakeFiles/cmTC_b336c.dir/link.txt --verbose=1
/usr/bin/cc      CMakeFiles/cmTC_b336c.dir/testCCompiler.c.o  -o cmTC_b336c 
make[1]: Leaving directory '/home/sichunqin/code/cmocka-1.1.3/build/CMakeFiles/CMakeTmp'



Detecting C compiler ABI info compiled with the following output:
Change Dir: /home/sichunqin/code/cmocka-1.1.3/build/CMakeFiles/CMakeTmp

Run Build Command(s):/usr/bin/make cmTC_14c11/fast && /usr/bin/make -f CMakeFiles/cmTC_14c11.dir/build.make CMakeFiles/cmTC_14c11.dir/build
make[1]: Entering directory '/home/sichunqin/code/cmocka-1.1.3/build/CMakeFiles/CMakeTmp'
Building C object CMakeFiles/cmTC_14c11.dir/CMakeCCompilerABI.c.o
/usr/bin/cc   -v -o CMakeFiles/cmTC_14c11.dir/CMakeCCompilerABI.c.o   -c /usr/share/cmake-3.16/Modules/CMakeCCompilerABI.c
Using built-in specs.
COLLECT_GCC=/usr/bin/cc
OFFLOAD_TARGET_NAMES=nvptx-none:hsa
OFFLOAD_TARGET_DEFAULT=1
Target: x86_64-linux-gnu
Configured with: ../src/configure -v --with-pkgversion='Ubuntu 9.4.0-1ubuntu1~20.04.1' --with-bugurl=file:///usr/share/doc/gcc-9/README.Bugs --enable-languages=c,ada,c++,go,brig,d,fortran,objc,obj-c++,gm2 --prefix=/usr --with-gcc-major-version-only --program-suffix=-9 --program-prefix=x86_64-linux-gnu- --enable-shared --enable-linker-build-id --libexecdir=/usr/lib --without-included-gettext --enable-threads=posix --libdir=/usr/lib --enable-nls --enable-clocale=gnu --enable-libstdcxx-debug --enable-libstdcxx-time=yes --with-default-libstdcxx-abi=new --enable-gnu-unique-object --disable-vtable-verify --enable-plugin --enable-default-pie --with-system-zlib --with-target-system-zlib=auto --enable-objc-gc=auto --enable-multiarch --disable-werror --with-arch-32=i686 --with-abi=m64 --with-multilib-list=m32,m64,mx32 --enable-multilib --with-tune=generic --enable-offload-targets=nvptx-none=/build/gcc-9-Av3uEd/gcc-9-9.4.0/debian/tmp-nvptx/usr,hsa --without-cuda-driver --enable-checking=release --build=x86_64-linux-gnu --host=x86_64-linux-gnu --target=x86_64-linux-gnu
Thread model: posix
gcc version 9.4.0 (Ubuntu 9.4.0-1ubuntu1~20.04.1) 
COLLECT_GCC_OPTIONS='-v' '-o' 'CMakeFiles/cmTC_14c11.dir/CMakeCCompilerABI.c.o' '-c' '-mtune=generic' '-march=x86-64'
 /usr/lib/gcc/x86_64-linux-gnu/9/cc1 -quiet -v -imultiarch x86_64-linux-gnu /usr/share/cmake-3.16/Modules/CMakeCCompilerABI.c -quiet -dumpbase CMakeCCompilerABI.c -mtune=generic -march=x86-64 -auxbase-strip CMakeFiles/cmTC_14c11.dir/CMakeCCompilerABI.c.o -version -fasynchronous-unwind-tables -fstack-protector-strong -Wformat -Wformat-security -fstack-clash-protection -fcf-protection -o /tmp/ccDnOsCN.s
GNU C17 (Ubuntu 9.4.0-1ubuntu1~20.04.1) version 9.4.0 (x86_64-linux-gnu)
	compiled by GNU C version 9.4.0, GMP version 6.2.0, MPFR version 4.0.2, MPC version 1.1.0, isl version isl-0.22.1-GMP

GGC heuristics: --param ggc-min-expand=100 --param ggc-min-heapsize=131072
ignoring nonexistent directory "/usr/local/include/x86_64-linux-gnu"
ignoring nonexistent directory "/usr/lib/gcc/x86_64-linux-gnu/9/include-fixed"
ignoring nonexistent directory "/usr/lib/gcc/x86_64-linux-gnu/9/../../../../x86_64-linux-gnu/include"
#include "..." search starts here:
#include <...> search starts here:
 /usr/lib/gcc/x86_64-linux-gnu/9/include
 /usr/local/include
 /usr/include/x86_64-linux-gnu
 /usr/include
End of search list.
GNU C17 (Ubuntu 9.4.0-1ubuntu1~20.04.1) version 9.4.0 (x86_64-linux-gnu)
	compiled by GNU C version 9.4.0, GMP version 6.2.0, MPFR version 4.0.2, MPC version 1.1.0, isl version isl-0.22.1-GMP

GGC heuristics: --param ggc-min-expand=100 --param ggc-min-heapsize=131072
Compiler executable checksum: c0c95c0b4209efec1c1892d5ff24030b
COLLECT_GCC_OPTIONS='-v' '-o' 'CMakeFiles/cmTC_14c11.dir/CMakeCCompilerABI.c.o' '-c' '-mtune=generic' '-march=x86-64'
 as -v --64 -o CMakeFiles/cmTC_14c11.dir/CMakeCCompilerABI.c.o /tmp/ccDnOsCN.s
GNU assembler version 2.34 (x86_64-linux-gnu) using BFD version (GNU Binutils for Ubuntu) 2.34
COMPILER_PATH=/usr/lib/gcc/x86_64-linux-gnu/9/:/usr/lib/gcc/x86_64-linux-gnu/9/:/usr/lib/gcc/x86_64-linux-gnu/:/usr/lib/gcc/x86_64-linux-gnu/9/:/usr/lib/gcc/x86_64-linux-gnu/
LIBRARY_PATH=/usr/lib/gcc/x86_64-linux-gnu/9/:/usr/lib/gcc/x86_64-linux-gnu/9/../../../x86_64-linux-gnu/:/usr/lib/gcc/x86_64-linux-gnu/9/../../../../lib/:/lib/x86_64-linux-gnu/:/lib/../lib/:/usr/lib/x86_64-linux-gnu/:/usr/lib/../lib/:/usr/lib/gcc/x86_64-linux-gnu/9/../../../:/lib/:/usr/lib/
COLLECT_GCC_OPTIONS='-v' '-o' 'CMakeFiles/cmTC_14c11.dir/CMakeCCompilerABI.c.o' '-c' '-mtune=generic' '-march=x86-64'
Linking C executable cmTC_14c11
/usr/bin/cmake -E cmake_link_script CMakeFiles/cmTC_14c11.dir/link.txt --verbose=1
/usr/bin/cc     -v CMakeFiles/cmTC_14c11.dir/CMakeCCompilerABI.c.o  -o cmTC_14c11 
Using built-in specs.
COLLECT_GCC=/usr/bin/cc
COLLECT_LTO_WRAPPER=/usr/lib/gcc/x86_64-linux-gnu/9/lto-wrapper
OFFLOAD_TARGET_NAMES=nvptx-none:hsa
OFFLOAD_TARGET_DEFAULT=1
Target: x86_64-linux-gnu
Configured with: ../src/configure -v --with-pkgversion='Ubuntu 9.4.0-1ubuntu1~20.04.1' --with-bugurl=file:///usr/share/doc/gcc-9/README.Bugs --enable-languages=c,ada,c++,go,brig,d,fortran,objc,obj-c++,gm2 --prefix=/usr --with-gcc-major-version-only --program-suffix=-9 --program-prefix=x86_64-linux-gnu- --enable-shared --enable-linker-build-id --libexecdir=/usr/lib --without-included-gettext --enable-threads=posix --libdir=/usr/lib --enable-nls --enable-clocale=gnu --enable-libstdcxx-debug --enable-libstdcxx-time=yes --with-default-libstdcxx-abi=new --enable-gnu-unique-object --disable-vtable-verify --enable-plugin --enable-default-pie --with-system-zlib --with-target-system-zlib=auto --enable-objc-gc=auto --enable-multiarch --disable-werror --with-arch-32=i686 --with-abi=m64 --with-multilib-list=m32,m64,mx32 --enable-multilib --with-tune=generic --enable-offload-targets=nvptx-none=/build/gcc-9-Av3uEd/gcc-9-9.4.0/debian/tmp-nvptx/usr,hsa --without-cuda-driver --enable-checking=release --build=x86_64-linux-gnu --host=x86_64-linux-gnu --target=x86_64-linux-gnu
Thread model: posix
gcc version 9.4.0 (Ubuntu 9.4.0-1ubuntu1~20.04.1) 
COMPILER_PATH=/usr/lib/gcc/x86_64-linux-gnu/9/:/usr/lib/gcc/x86_64-linux-gnu/9/:/usr/lib/gcc/x86_64-linux-gnu/:/usr/lib/gcc/x86_64-linux-gnu/9/:/usr/lib/gcc/x86_64-linux-gnu/
LIBRARY_PATH=/usr/lib/gcc/x86_64-linux-gnu/9/:/usr/lib/gcc/x86_64-linux-gnu/9/../../../x86_64-linux-gnu/:/usr/lib/gcc/x86_64-linux-gnu/9/../../../../lib/:/lib/x86_64-linux-gnu/:/lib/../lib/:/usr/lib/x86_64-linux-gnu/:/usr/lib/../lib/:/usr/lib/gcc/x86_64-linux-gnu/9/../../../:/lib/:/usr/lib/
COLLECT_GCC_OPTIONS='-v' '-o' 'cmTC_14c11' '-mtune=generic' '-march=x86-64'
 /usr/lib/gcc/x86_64-linux-gnu/9/collect2 -plugin /usr/lib/gcc/x86_64-linux-gnu/9/liblto_plugin.so -plugin-opt=/usr/lib/gcc/x86_64-linux-gnu/9/lto-wrapper -plugin-opt=-fresolution=/tmp/ccJflTmd.res -plugin-opt=-pass-through=-lgcc -plugin-opt=-pass-through=-lgcc_s -plugin-opt=-pass-through=-lc -plugin-opt=-pass-through=-lgcc -plugin-opt=-pass-through=-lgcc_s --build-id --eh-frame-hdr -m elf_x86_64 --hash-style=gnu --as-needed -dynamic-linker /lib64/ld-linux-x86-64.so.2 -pie -z now -z relro -o cmTC_14c11 /usr/lib/gcc/x86_64-linux-gnu/9/../../../x86_64-linux-gnu/Scrt1.o /usr/lib/gcc/x86_64-linux-gnu/9/../../../x86_64-linux-gnu/crti.o /usr/lib/gcc/x86_64-linux-gnu/9/crtbeginS.o -L/usr/lib/gcc/x86_64-linux-gnu/9 -L/usr/lib/gcc/x86_64-linux-gnu/9/../../../x86_64-linux-gnu -L/usr/lib/gcc/x86_64-linux-gnu/9/../../../../lib -L/lib/x86_64-linux-gnu -L/lib/../lib -L/usr/lib/x86_64-linux-gnu -L/usr/lib/../lib -L/usr/lib/gcc/x86_64-linux-gnu/9/../../.. CMakeFiles/cmTC_14c11.dir/CMakeCCompilerABI.c.o -lgcc --push-state --as-needed -lgcc_s --pop-state -lc -lgcc --push-state --as-needed -lgcc_s --pop-state /usr/lib/gcc/x86_64-linux-gnu/9/crtendS.o /usr/lib/gcc/x86_64-linux-gnu/9/../../../x86_64-linux-gnu/crtn.o
COLLECT_GCC_OPTIONS='-v' '-o' 'cmTC_14c11' '-mtune=generic' '-march=x86-64'
make[1]: Leaving directory '/home/sichunqin/code/cmocka-1.1.3/build/CMakeFiles/CMakeTmp'



Parsed C implicit include dir info from above output: rv=done
  found start of include info
  found start of implicit include info
    add: [/usr/lib/gcc/x86_64-linux-gnu/9/include]
    add: [/usr/local/include]
    add: [/usr/include/x86_64-linux-gnu]
    add: [/usr/include]
  end of search list found
  collapse include dir [/usr/lib/gcc/x86_64-linux-gnu/9/include] ==> [/usr/lib/gcc/x86_64-linux-gnu/9/include]
  collapse include dir [/usr/local/include] ==> [/usr/local/include]
  collapse include dir [/usr/include/x86_64-linux-gnu] ==> [/usr/include/x86_64-linux-gnu]
  collapse include dir [/usr/include] ==> [/usr/include]
  implicit include dirs: [/usr/lib/gcc/x86_64-linux-gnu/9/include;/usr/local/include;/usr/include/x86_64-linux-gnu;/usr/include]


Parsed C implicit link information from above output:
  link line regex: [^( *|.*[/\])(ld|CMAKE_LINK_STARTFILE-NOTFOUND|([^/\]+-)?ld|collect2)[^/\]*( |$)]
  ignore line: [Change Dir: /home/sichunqin/code/cmocka-1.1.3/build/CMakeFiles/CMakeTmp]
  ignore line: []
  ignore line: [Run Build Command(s):/usr/bin/make cmTC_14c11/fast && /usr/bin/make -f CMakeFiles/cmTC_14c11.dir/build.make CMakeFiles/cmTC_14c11.dir/build]
  ignore line: [make[1]: Entering directory '/home/sichunqin/code/cmocka-1.1.3/build/CMakeFiles/CMakeTmp']
  ignore line: [Building C object CMakeFiles/cmTC_14c11.dir/CMakeCCompilerABI.c.o]
  ignore line: [/usr/bin/cc   -v -o CMakeFiles/cmTC_14c11.dir/CMakeCCompilerABI.c.o   -c /usr/share/cmake-3.16/Modules/CMakeCCompilerABI.c]
  ignore line: [Using built-in specs.]
  ignore line: [COLLECT_GCC=/usr/bin/cc]
  ignore line: [OFFLOAD_TARGET_NAMES=nvptx-none:hsa]
  ignore line: [OFFLOAD_TARGET_DEFAULT=1]
  ignore line: [Target: x86_64-linux-gnu]
  ignore line: [Configured with: ../src/configure -v --with-pkgversion='Ubuntu 9.4.0-1ubuntu1~20.04.1' --with-bugurl=file:///usr/share/doc/gcc-9/README.Bugs --enable-languages=c ada c++ go brig d fortran objc obj-c++ gm2 --prefix=/usr --with-gcc-major-version-only --program-suffix=-9 --program-prefix=x86_64-linux-gnu- --enable-shared --enable-linker-build-id --libexecdir=/usr/lib --without-included-gettext --enable-threads=posix --libdir=/usr/lib --enable-nls --enable-clocale=gnu --enable-libstdcxx-debug --enable-libstdcxx-time=yes --with-default-libstdcxx-abi=new --enable-gnu-unique-object --disable-vtable-verify --enable-plugin --enable-default-pie --with-system-zlib --with-target-system-zlib=auto --enable-objc-gc=auto --enable-multiarch --disable-werror --with-arch-32=i686 --with-abi=m64 --with-multilib-list=m32 m64 mx32 --enable-multilib --with-tune=generic --enable-offload-targets=nvptx-none=/build/gcc-9-Av3uEd/gcc-9-9.4.0/debian/tmp-nvptx/usr hsa --without-cuda-driver --enable-checking=release --build=x86_64-linux-gnu --host=x86_64-linux-gnu --target=x86_64-linux-gnu]
  ignore line: [Thread model: posix]
  ignore line: [gcc version 9.4.0 (Ubuntu 9.4.0-1ubuntu1~20.04.1) ]
  ignore line: [COLLECT_GCC_OPTIONS='-v' '-o' 'CMakeFiles/cmTC_14c11.dir/CMakeCCompilerABI.c.o' '-c' '-mtune=generic' '-march=x86-64']
  ignore line: [ /usr/lib/gcc/x86_64-linux-gnu/9/cc1 -quiet -v -imultiarch x86_64-linux-gnu /usr/share/cmake-3.16/Modules/CMakeCCompilerABI.c -quiet -dumpbase CMakeCCompilerABI.c -mtune=generic -march=x86-64 -auxbase-strip CMakeFiles/cmTC_14c11.dir/CMakeCCompilerABI.c.o -version -fasynchronous-unwind-tables -fstack-protector-strong -Wformat -Wformat-security -fstack-clash-protection -fcf-protection -o /tmp/ccDnOsCN.s]
  ignore line: [GNU C17 (Ubuntu 9.4.0-1ubuntu1~20.04.1) version 9.4.0 (x86_64-linux-gnu)]
  ignore line: [	compiled by GNU C version 9.4.0  GMP version 6.2.0  MPFR version 4.0.2  MPC version 1.1.0  isl version isl-0.22.1-GMP]
  ignore line: []
  ignore line: [GGC heuristics: --param ggc-min-expand=100 --param ggc-min-heapsize=131072]
  ignore line: [ignoring nonexistent directory "/usr/local/include/x86_64-linux-gnu"]
  ignore line: [ignoring nonexistent directory "/usr/lib/gcc/x86_64-linux-gnu/9/include-fixed"]
  ignore line: [ignoring nonexistent directory "/usr/lib/gcc/x86_64-linux-gnu/9/../../../../x86_64-linux-gnu/include"]
  ignore line: [#include "..." search starts here:]
  ignore line: [#include <...> search starts here:]
  ignore line: [ /usr/lib/gcc/x86_64-linux-gnu/9/include]
  ignore line: [ /usr/local/include]
  ignore line: [ /usr/include/x86_64-linux-gnu]
  ignore line: [ /usr/include]
  ignore line: [End of search list.]
  ignore line: [GNU C17 (Ubuntu 9.4.0-1ubuntu1~20.04.1) version 9.4.0 (x86_64-linux-gnu)]
  ignore line: [	compiled by GNU C version 9.4.0  GMP version 6.2.0  MPFR version 4.0.2  MPC version 1.1.0  isl version isl-0.22.1-GMP]
  ignore line: []
  ignore line: [GGC heuristics: --param ggc-min-expand=100 --param ggc-min-heapsize=131072]
  ignore line: [Compiler executable checksum: c0c95c0b4209efec1c1892d5ff24030b]
  ignore line: [COLLECT_GCC_OPTIONS='-v' '-o' 'CMakeFiles/cmTC_14c11.dir/CMakeCCompilerABI.c.o' '-c' '-mtune=generic' '-march=x86-64']
  ignore line: [ as -v --64 -o CMakeFiles/cmTC_14c11.dir/CMakeCCompilerABI.c.o /tmp/ccDnOsCN.s]
  ignore line: [GNU assembler version 2.34 (x86_64-linux-gnu) using BFD version (GNU Binutils for Ubuntu) 2.34]
  ignore line: [COMPILER_PATH=/usr/lib/gcc/x86_64-linux-gnu/9/:/usr/lib/gcc/x86_64-linux-gnu/9/:/usr/lib/gcc/x86_64-linux-gnu/:/usr/lib/gcc/x86_64-linux-gnu/9/:/usr/lib/gcc/x86_64-linux-gnu/]
  ignore line: [LIBRARY_PATH=/usr/lib/gcc/x86_64-linux-gnu/9/:/usr/lib/gcc/x86_64-linux-gnu/9/../../../x86_64-linux-gnu/:/usr/lib/gcc/x86_64-linux-gnu/9/../../../../lib/:/lib/x86_64-linux-gnu/:/lib/../lib/:/usr/lib/x86_64-linux-gnu/:/usr/lib/../lib/:/usr/lib/gcc/x86_64-linux-gnu/9/../../../:/lib/:/usr/lib/]
  ignore line: [COLLECT_GCC_OPTIONS='-v' '-o' 'CMakeFiles/cmTC_14c11.dir/CMakeCCompilerABI.c.o' '-c' '-mtune=generic' '-march=x86-64']
  ignore line: [Linking C executable cmTC_14c11]
  ignore line: [/usr/bin/cmake -E cmake_link_script CMakeFiles/cmTC_14c11.dir/link.txt --verbose=1]
  ignore line: [/usr/bin/cc     -v CMakeFiles/cmTC_14c11.dir/CMakeCCompilerABI.c.o  -o cmTC_14c11 ]
  ignore line: [Using built-in specs.]
  ignore line: [COLLECT_GCC=/usr/bin/cc]
  ignore line: [COLLECT_LTO_WRAPPER=/usr/lib/gcc/x86_64-linux-gnu/9/lto-wrapper]
  ignore line: [OFFLOAD_TARGET_NAMES=nvptx-none:hsa]
  ignore line: [OFFLOAD_TARGET_DEFAULT=1]
  ignore line: [Target: x86_64-linux-gnu]
  ignore line: [Configured with: ../src/configure -v --with-pkgversion='Ubuntu 9.4.0-1ubuntu1~20.04.1' --with-bugurl=file:///usr/share/doc/gcc-9/README.Bugs --enable-languages=c ada c++ go brig d fortran objc obj-c++ gm2 --prefix=/usr --with-gcc-major-version-only --program-suffix=-9 --program-prefix=x86_64-linux-gnu- --enable-shared --enable-linker-build-id --libexecdir=/usr/lib --without-included-gettext --enable-threads=posix --libdir=/usr/lib --enable-nls --enable-clocale=gnu --enable-libstdcxx-debug --enable-libstdcxx-time=yes --with-default-libstdcxx-abi=new --enable-gnu-unique-object --disable-vtable-verify --enable-plugin --enable-default-pie --with-system-zlib --with-target-system-zlib=auto --enable-objc-gc=auto --enable-multiarch --disable-werror --with-arch-32=i686 --with-abi=m64 --with-multilib-list=m32 m64 mx32 --enable-multilib --with-tune=generic --enable-offload-targets=nvptx-none=/build/gcc-9-Av3uEd/gcc-9-9.4.0/debian/tmp-nvptx/usr hsa --without-cuda-driver --enable-checking=release --build=x86_64-linux-gnu --host=x86_64-linux-gnu --target=x86_64-linux-gnu]
  ignore line: [Thread model: posix]
  ignore line: [gcc version 9.4.0 (Ubuntu 9.4.0-1ubuntu1~20.04.1) ]
  ignore line: [COMPILER_PATH=/usr/lib/gcc/x86_64-linux-gnu/9/:/usr/lib/gcc/x86_64-linux-gnu/9/:/usr/lib/gcc/x86_64-linux-gnu/:/usr/lib/gcc/x86_64-linux-gnu/9/:/usr/lib/gcc/x86_64-linux-gnu/]
  ignore line: [LIBRARY_PATH=/usr/lib/gcc/x86_64-linux-gnu/9/:/usr/lib/gcc/x86_64-linux-gnu/9/../../../x86_64-linux-gnu/:/usr/lib/gcc/x86_64-linux-gnu/9/../../../../lib/:/lib/x86_64-linux-gnu/:/lib/../lib/:/usr/lib/x86_64-linux-gnu/:/usr/lib/../lib/:/usr/lib/gcc/x86_64-linux-gnu/9/../../../:/lib/:/usr/lib/]
  ignore line: [COLLECT_GCC_OPTIONS='-v' '-o' 'cmTC_14c11' '-mtune=generic' '-march=x86-64']
  link line: [ /usr/lib/gcc/x86_64-linux-gnu/9/collect2 -plugin /usr/lib/gcc/x86_64-linux-gnu/9/liblto_plugin.so -plugin-opt=/usr/lib/gcc/x86_64-linux-gnu/9/lto-wrapper -plugin-opt=-fresolution=/tmp/ccJflTmd.res -plugin-opt=-pass-through=-lgcc -plugin-opt=-pass-through=-lgcc_s -plugin-opt=-pass-through=-lc -plugin-opt=-pass-through=-lgcc -plugin-opt=-pass-through=-lgcc_s --build-id --eh-frame-hdr -m elf_x86_64 --hash-style=gnu --as-needed -dynamic-linker /lib64/ld-linux-x86-64.so.2 -pie -z now -z relro -o cmTC_14c11 /usr/lib/gcc/x86_64-linux-gnu/9/../../../x86_64-linux-gnu/Scrt1.o /usr/lib/gcc/x86_64-linux-gnu/9/../../../x86_64-linux-gnu/crti.o /usr/lib/gcc/x86_64-linux-gnu/9/crtbeginS.o -L/usr/lib/gcc/x86_64-linux-gnu/9 -L/usr/lib/gcc/x86_64-linux-gnu/9/../../../x86_64-linux-gnu -L/usr/lib/gcc/x86_64-linux-gnu/9/../../../../lib -L/lib/x86_64-linux-gnu -L/lib/../lib -L/usr/lib/x86_64-linux-gnu -L/usr/lib/../lib -L/usr/lib/gcc/x86_64-linux-gnu/9/../../.. CMakeFiles/cmTC_14c11.dir/CMakeCCompilerABI.c.o -lgcc --push-state --as-needed -lgcc_s --pop-state -lc -lgcc --push-state --as-needed -lgcc_s --pop-state /usr/lib/gcc/x86_64-linux-gnu/9/crtendS.o /usr/lib/gcc/x86_64-linux-gnu/9/../../../x86_64-linux-gnu/crtn.o]
    arg [/usr/lib/gcc/x86_64-linux-gnu/9/collect2] ==> ignore
    arg [-plugin] ==> ignore
    arg [/usr/lib/gcc/x86_64-linux-gnu/9/liblto_plugin.so] ==> ignore
    arg [-plugin-opt=/usr/lib/gcc/x86_64-linux-gnu/9/lto-wrapper] ==> ignore
    arg [-plugin-opt=-fresolution=/tmp/ccJflTmd.res] ==> ignore
    arg [-plugin-opt=-pass-through=-lgcc] ==> ignore
    arg [-plugin-opt=-pass-through=-lgcc_s] ==> ignore
    arg [-plugin-opt=-pass-through=-lc] ==> ignore
    arg [-plugin-opt=-pass-through=-lgcc] ==> ignore
    arg [-plugin-opt=-pass-through=-lgcc_s] ==> ignore
    arg [--build-id] ==> ignore
    arg [--eh-frame-hdr] ==> ignore
    arg [-m] ==> ignore
    arg [elf_x86_64] ==> ignore
    arg [--hash-style=gnu] ==> ignore
    arg [--as-needed] ==> ignore
    arg [-dynamic-linker] ==> ignore
    arg [/lib64/ld-linux-x86-64.so.2] ==> ignore
    arg [-pie] ==> ignore
    arg [-znow] ==> ignore
    arg [-zrelro] ==> ignore
    arg [-o] ==> ignore
    arg [cmTC_14c11] ==> ignore
    arg [/usr/lib/gcc/x86_64-linux-gnu/9/../../../x86_64-linux-gnu/Scrt1.o] ==> ignore
    arg [/usr/lib/gcc/x86_64-linux-gnu/9/../../../x86_64-linux-gnu/crti.o] ==> ignore
    arg [/usr/lib/gcc/x86_64-linux-gnu/9/crtbeginS.o] ==> ignore
    arg [-L/usr/lib/gcc/x86_64-linux-gnu/9] ==> dir [/usr/lib/gcc/x86_64-linux-gnu/9]
    arg [-L/usr/lib/gcc/x86_64-linux-gnu/9/../../../x86_64-linux-gnu] ==> dir [/usr/lib/gcc/x86_64-linux-gnu/9/../../../x86_64-linux-gnu]
    arg [-L/usr/lib/gcc/x86_64-linux-gnu/9/../../../../lib] ==> dir [/usr/lib/gcc/x86_64-linux-gnu/9/../../../../lib]
    arg [-L/lib/x86_64-linux-gnu] ==> dir [/lib/x86_64-linux-gnu]
    arg [-L/lib/../lib] ==> dir [/lib/../lib]
    arg [-L/usr/lib/x86_64-linux-gnu] ==> dir [/usr/lib/x86_64-linux-gnu]
    arg [-L/usr/lib/../lib] ==> dir [/usr/lib/../lib]
    arg [-L/usr/lib/gcc/x86_64-linux-gnu/9/../../..] ==> dir [/usr/lib/gcc/x86_64-linux-gnu/9/../../..]
    arg [CMakeFiles/cmTC_14c11.dir/CMakeCCompilerABI.c.o] ==> ignore
    arg [-lgcc] ==> lib [gcc]
    arg [--push-state] ==> ignore
    arg [--as-needed] ==> ignore
    arg [-lgcc_s] ==> lib [gcc_s]
    arg [--pop-state] ==> ignore
    arg [-lc] ==> lib [c]
    arg [-lgcc] ==> lib [gcc]
    arg [--push-state] ==> ignore
    arg [--as-needed] ==> ignore
    arg [-lgcc_s] ==> lib [gcc_s]
    arg [--pop-state] ==> ignore
    arg [/usr/lib/gcc/x86_64-linux-gnu/9/crtendS.o] ==> ignore
    arg [/usr/lib/gcc/x86_64-linux-gnu/9/../../../x86_64-linux-gnu/crtn.o] ==> ignore
  collapse library dir [/usr/lib/gcc/x86_64-linux-gnu/9] ==> [/usr/lib/gcc/x86_64-linux-gnu/9]
  collapse library dir [/usr/lib/gcc/x86_64-linux-gnu/9/../../../x86_64-linux-gnu] ==> [/usr/lib/x86_64-linux-gnu]
  collapse library dir [/usr/lib/gcc/x86_64-linux-gnu/9/../../../../lib] ==> [/usr/lib]
  collapse library dir [/lib/x86_64-linux-gnu] ==> [/lib/x86_64-linux-gnu]
  collapse library dir [/lib/../lib] ==> [/lib]
  collapse library dir [/usr/lib/x86_64-linux-gnu] ==> [/usr/lib/x86_64-linux-gnu]
  collapse library dir [/usr/lib/../lib] ==> [/usr/lib]
  collapse library dir [/usr/lib/gcc/x86_64-linux-gnu/9/../../..] ==> [/usr/lib]
  implicit libs: [gcc;gcc_s;c;gcc;gcc_s]
  implicit dirs: [/usr/lib/gcc/x86_64-linux-gnu/9;/usr/lib/x86_64-linux-gnu;/usr/lib;/lib/x86_64-linux-gnu;/lib]
  implicit fwks: []


Performing C SOURCE FILE Test REQUIRED_FLAGS_WERROR succeeded with the following output:
Change Dir: /home/sichunqin/code/cmocka-1.1.3/build/CMakeFiles/CMakeTmp

Run Build Command(s):/usr/bin/make cmTC_ace83/fast && /usr/bin/make -f CMakeFiles/cmTC_ace83.dir/build.make CMakeFiles/cmTC_ace83.dir/build
make[1]: Entering directory '/home/sichunqin/code/cmocka-1.1.3/build/CMakeFiles/CMakeTmp'
Building C object CMakeFiles/cmTC_ace83.dir/src.c.o
/usr/bin/cc   -DREQUIRED_FLAGS_WERROR   -Werror -o CMakeFiles/cmTC_ace83.dir/src.c.o   -c /home/sichunqin/code/cmocka-1.1.3/build/CMakeFiles/CMakeTmp/src.c
Linking C executable cmTC_ace83
/usr/bin/cmake -E cmake_link_script CMakeFiles/cmTC_ace83.dir/link.txt --verbose=1
/usr/bin/cc  -DREQUIRED_FLAGS_WERROR    CMakeFiles/cmTC_ace83.dir/src.c.o  -o cmTC_ace83 
make[1]: Leaving directory '/home/sichunqin/code/cmocka-1.1.3/build/CMakeFiles/CMakeTmp'


Source file was:
int main(void) { return 0; }
Performing C SOURCE FILE Test WITH_STD_GNU99_FLAG succeeded with the following output:
Change Dir: /home/sichunqin/code/cmocka-1.1.3/build/CMakeFiles/CMakeTmp

Run Build Command(s):/usr/bin/make cmTC_9fed8/fast && /usr/bin/make -f CMakeFiles/cmTC_9fed8.dir/build.make CMakeFiles/cmTC_9fed8.dir/build
make[1]: Entering directory '/home/sichunqin/code/cmocka-1.1.3/build/CMakeFiles/CMakeTmp'
Building C object CMakeFiles/cmTC_9fed8.dir/src.c.o
/usr/bin/cc   -DWITH_STD_GNU99_FLAG -Werror   -std=gnu99 -o CMakeFiles/cmTC_9fed8.dir/src.c.o   -c /home/sichunqin/code/cmocka-1.1.3/build/CMakeFiles/CMakeTmp/src.c
Linking C executable cmTC_9fed8
/usr/bin/cmake -E cmake_link_script CMakeFiles/cmTC_9fed8.dir/link.txt --verbose=1
/usr/bin/cc  -DWITH_STD_GNU99_FLAG -Werror    CMakeFiles/cmTC_9fed8.dir/src.c.o  -o cmTC_9fed8 
make[1]: Leaving directory '/home/sichunqin/code/cmocka-1.1.3/build/CMakeFiles/CMakeTmp'


Source file was:
int main(void) { return 0; }
Performing C SOURCE FILE Test WITH_WPEDANTIC_FLAG succeeded with the following output:
Change Dir: /home/sichunqin/code/cmocka-1.1.3/build/CMakeFiles/CMakeTmp

Run Build Command(s):/usr/bin/make cmTC_880fe/fast && /usr/bin/make -f CMakeFiles/cmTC_880fe.dir/build.make CMakeFiles/cmTC_880fe.dir/build
make[1]: Entering directory '/home/sichunqin/code/cmocka-1.1.3/build/CMakeFiles/CMakeTmp'
Building C object CMakeFiles/cmTC_880fe.dir/src.c.o
/usr/bin/cc   -DWITH_WPEDANTIC_FLAG -Werror   -Wpedantic -o CMakeFiles/cmTC_880fe.dir/src.c.o   -c /home/sichunqin/code/cmocka-1.1.3/build/CMakeFiles/CMakeTmp/src.c
Linking C executable cmTC_880fe
/usr/bin/cmake -E cmake_link_script CMakeFiles/cmTC_880fe.dir/link.txt --verbose=1
/usr/bin/cc  -DWITH_WPEDANTIC_FLAG -Werror    CMakeFiles/cmTC_880fe.dir/src.c.o  -o cmTC_880fe 
make[1]: Leaving directory '/home/sichunqin/code/cmocka-1.1.3/build/CMakeFiles/CMakeTmp'


Source file was:
int main(void) { return 0; }
Performing C SOURCE FILE Test WITH_WALL_FLAG succeeded with the following output:
Change Dir: /home/sichunqin/code/cmocka-1.1.3/build/CMakeFiles/CMakeTmp

Run Build Command(s):/usr/bin/make cmTC_6dad3/fast && /usr/bin/make -f CMakeFiles/cmTC_6dad3.dir/build.make CMakeFiles/cmTC_6dad3.dir/build
make[1]: Entering directory '/home/sichunqin/code/cmocka-1.1.3/build/CMakeFiles/CMakeTmp'
Building C object CMakeFiles/cmTC_6dad3.dir/src.c.o
/usr/bin/cc   -DWITH_WALL_FLAG -Werror   -Wall -o CMakeFiles/cmTC_6dad3.dir/src.c.o   -c /home/sichunqin/code/cmocka-1.1.3/build/CMakeFiles/CMakeTmp/src.c
Linking C executable cmTC_6dad3
/usr/bin/cmake -E cmake_link_script CMakeFiles/cmTC_6dad3.dir/link.txt --verbose=1
/usr/bin/cc  -DWITH_WALL_FLAG -Werror    CMakeFiles/cmTC_6dad3.dir/src.c.o  -o cmTC_6dad3 
make[1]: Leaving directory '/home/sichunqin/code/cmocka-1.1.3/build/CMakeFiles/CMakeTmp'


Source file was:
int main(void) { return 0; }
Performing C SOURCE FILE Test WITH_WSHADOW_FLAG succeeded with the following output:
Change Dir: /home/sichunqin/code/cmocka-1.1.3/build/CMakeFiles/CMakeTmp

Run Build Command(s):/usr/bin/make cmTC_abdf3/fast && /usr/bin/make -f CMakeFiles/cmTC_abdf3.dir/build.make CMakeFiles/cmTC_abdf3.dir/build
make[1]: Entering directory '/home/sichunqin/code/cmocka-1.1.3/build/CMakeFiles/CMakeTmp'
Building C object CMakeFiles/cmTC_abdf3.dir/src.c.o
/usr/bin/cc   -DWITH_WSHADOW_FLAG -Werror   -Wshadow -o CMakeFiles/cmTC_abdf3.dir/src.c.o   -c /home/sichunqin/code/cmocka-1.1.3/build/CMakeFiles/CMakeTmp/src.c
Linking C executable cmTC_abdf3
/usr/bin/cmake -E cmake_link_script CMakeFiles/cmTC_abdf3.dir/link.txt --verbose=1
/usr/bin/cc  -DWITH_WSHADOW_FLAG -Werror    CMakeFiles/cmTC_abdf3.dir/src.c.o  -o cmTC_abdf3 
make[1]: Leaving directory '/home/sichunqin/code/cmocka-1.1.3/build/CMakeFiles/CMakeTmp'


Source file was:
int main(void) { return 0; }
Performing C SOURCE FILE Test WITH_WMISSING_PROTOTYPES_FLAG succeeded with the following output:
Change Dir: /home/sichunqin/code/cmocka-1.1.3/build/CMakeFiles/CMakeTmp

Run Build Command(s):/usr/bin/make cmTC_ba89a/fast && /usr/bin/make -f CMakeFiles/cmTC_ba89a.dir/build.make CMakeFiles/cmTC_ba89a.dir/build
make[1]: Entering directory '/home/sichunqin/code/cmocka-1.1.3/build/CMakeFiles/CMakeTmp'
Building C object CMakeFiles/cmTC_ba89a.dir/src.c.o
/usr/bin/cc   -DWITH_WMISSING_PROTOTYPES_FLAG -Werror   -Wmissing-prototypes -o CMakeFiles/cmTC_ba89a.dir/src.c.o   -c /home/sichunqin/code/cmocka-1.1.3/build/CMakeFiles/CMakeTmp/src.c
Linking C executable cmTC_ba89a
/usr/bin/cmake -E cmake_link_script CMakeFiles/cmTC_ba89a.dir/link.txt --verbose=1
/usr/bin/cc  -DWITH_WMISSING_PROTOTYPES_FLAG -Werror    CMakeFiles/cmTC_ba89a.dir/src.c.o  -o cmTC_ba89a 
make[1]: Leaving directory '/home/sichunqin/code/cmocka-1.1.3/build/CMakeFiles/CMakeTmp'


Source file was:
int main(void) { return 0; }
Performing C SOURCE FILE Test WITH_WCAST_ALIGN_FLAG succeeded with the following output:
Change Dir: /home/sichunqin/code/cmocka-1.1.3/build/CMakeFiles/CMakeTmp

Run Build Command(s):/usr/bin/make cmTC_33825/fast && /usr/bin/make -f CMakeFiles/cmTC_33825.dir/build.make CMakeFiles/cmTC_33825.dir/build
make[1]: Entering directory '/home/sichunqin/code/cmocka-1.1.3/build/CMakeFiles/CMakeTmp'
Building C object CMakeFiles/cmTC_33825.dir/src.c.o
/usr/bin/cc   -DWITH_WCAST_ALIGN_FLAG -Werror   -Wcast-align -o CMakeFiles/cmTC_33825.dir/src.c.o   -c /home/sichunqin/code/cmocka-1.1.3/build/CMakeFiles/CMakeTmp/src.c
Linking C executable cmTC_33825
/usr/bin/cmake -E cmake_link_script CMakeFiles/cmTC_33825.dir/link.txt --verbose=1
/usr/bin/cc  -DWITH_WCAST_ALIGN_FLAG -Werror    CMakeFiles/cmTC_33825.dir/src.c.o  -o cmTC_33825 
make[1]: Leaving directory '/home/sichunqin/code/cmocka-1.1.3/build/CMakeFiles/CMakeTmp'


Source file was:
int main(void) { return 0; }
Performing C SOURCE FILE Test WITH_WERROR_ADDRESS_FLAG succeeded with the following output:
Change Dir: /home/sichunqin/code/cmocka-1.1.3/build/CMakeFiles/CMakeTmp

Run Build Command(s):/usr/bin/make cmTC_6c3f7/fast && /usr/bin/make -f CMakeFiles/cmTC_6c3f7.dir/build.make CMakeFiles/cmTC_6c3f7.dir/build
make[1]: Entering directory '/home/sichunqin/code/cmocka-1.1.3/build/CMakeFiles/CMakeTmp'
Building C object CMakeFiles/cmTC_6c3f7.dir/src.c.o
/usr/bin/cc   -DWITH_WERROR_ADDRESS_FLAG -Werror   -Werror=address -o CMakeFiles/cmTC_6c3f7.dir/src.c.o   -c /home/sichunqin/code/cmocka-1.1.3/build/CMakeFiles/CMakeTmp/src.c
Linking C executable cmTC_6c3f7
/usr/bin/cmake -E cmake_link_script CMakeFiles/cmTC_6c3f7.dir/link.txt --verbose=1
/usr/bin/cc  -DWITH_WERROR_ADDRESS_FLAG -Werror    CMakeFiles/cmTC_6c3f7.dir/src.c.o  -o cmTC_6c3f7 
make[1]: Leaving directory '/home/sichunqin/code/cmocka-1.1.3/build/CMakeFiles/CMakeTmp'


Source file was:
int main(void) { return 0; }
Performing C SOURCE FILE Test WITH_WSTRICT_PROTOTYPES_FLAG succeeded with the following output:
Change Dir: /home/sichunqin/code/cmocka-1.1.3/build/CMakeFiles/CMakeTmp

Run Build Command(s):/usr/bin/make cmTC_aa174/fast && /usr/bin/make -f CMakeFiles/cmTC_aa174.dir/build.make CMakeFiles/cmTC_aa174.dir/build
make[1]: Entering directory '/home/sichunqin/code/cmocka-1.1.3/build/CMakeFiles/CMakeTmp'
Building C object CMakeFiles/cmTC_aa174.dir/src.c.o
/usr/bin/cc   -DWITH_WSTRICT_PROTOTYPES_FLAG -Werror   -Wstrict-prototypes -o CMakeFiles/cmTC_aa174.dir/src.c.o   -c /home/sichunqin/code/cmocka-1.1.3/build/CMakeFiles/CMakeTmp/src.c
Linking C executable cmTC_aa174
/usr/bin/cmake -E cmake_link_script CMakeFiles/cmTC_aa174.dir/link.txt --verbose=1
/usr/bin/cc  -DWITH_WSTRICT_PROTOTYPES_FLAG -Werror    CMakeFiles/cmTC_aa174.dir/src.c.o  -o cmTC_aa174 
make[1]: Leaving directory '/home/sichunqin/code/cmocka-1.1.3/build/CMakeFiles/CMakeTmp'


Source file was:
int main(void) { return 0; }
Performing C SOURCE FILE Test WITH_WERROR_STRICT_PROTOTYPES_FLAG succeeded with the following output:
Change Dir: /home/sichunqin/code/cmocka-1.1.3/build/CMakeFiles/CMakeTmp

Run Build Command(s):/usr/bin/make cmTC_0f444/fast && /usr/bin/make -f CMakeFiles/cmTC_0f444.dir/build.make CMakeFiles/cmTC_0f444.dir/build
make[1]: Entering directory '/home/sichunqin/code/cmocka-1.1.3/build/CMakeFiles/CMakeTmp'
Building C object CMakeFiles/cmTC_0f444.dir/src.c.o
/usr/bin/cc   -DWITH_WERROR_STRICT_PROTOTYPES_FLAG -Werror   -Werror=strict-prototypes -o CMakeFiles/cmTC_0f444.dir/src.c.o   -c /home/sichunqin/code/cmocka-1.1.3/build/CMakeFiles/CMakeTmp/src.c
Linking C executable cmTC_0f444
/usr/bin/cmake -E cmake_link_script CMakeFiles/cmTC_0f444.dir/link.txt --verbose=1
/usr/bin/cc  -DWITH_WERROR_STRICT_PROTOTYPES_FLAG -Werror    CMakeFiles/cmTC_0f444.dir/src.c.o  -o cmTC_0f444 
make[1]: Leaving directory '/home/sichunqin/code/cmocka-1.1.3/build/CMakeFiles/CMakeTmp'


Source file was:
int main(void) { return 0; }
Performing C SOURCE FILE Test WITH_WWRITE_STRINGS_FLAG succeeded with the following output:
Change Dir: /home/sichunqin/code/cmocka-1.1.3/build/CMakeFiles/CMakeTmp

Run Build Command(s):/usr/bin/make cmTC_bc452/fast && /usr/bin/make -f CMakeFiles/cmTC_bc452.dir/build.make CMakeFiles/cmTC_bc452.dir/build
make[1]: Entering directory '/home/sichunqin/code/cmocka-1.1.3/build/CMakeFiles/CMakeTmp'
Building C object CMakeFiles/cmTC_bc452.dir/src.c.o
/usr/bin/cc   -DWITH_WWRITE_STRINGS_FLAG -Werror   -Wwrite-strings -o CMakeFiles/cmTC_bc452.dir/src.c.o   -c /home/sichunqin/code/cmocka-1.1.3/build/CMakeFiles/CMakeTmp/src.c
Linking C executable cmTC_bc452
/usr/bin/cmake -E cmake_link_script CMakeFiles/cmTC_bc452.dir/link.txt --verbose=1
/usr/bin/cc  -DWITH_WWRITE_STRINGS_FLAG -Werror    CMakeFiles/cmTC_bc452.dir/src.c.o  -o cmTC_bc452 
make[1]: Leaving directory '/home/sichunqin/code/cmocka-1.1.3/build/CMakeFiles/CMakeTmp'


Source file was:
int main(void) { return 0; }
Performing C SOURCE FILE Test WITH_WERROR_WRITE_STRINGS_FLAG succeeded with the following output:
Change Dir: /home/sichunqin/code/cmocka-1.1.3/build/CMakeFiles/CMakeTmp

Run Build Command(s):/usr/bin/make cmTC_bb8f5/fast && /usr/bin/make -f CMakeFiles/cmTC_bb8f5.dir/build.make CMakeFiles/cmTC_bb8f5.dir/build
make[1]: Entering directory '/home/sichunqin/code/cmocka-1.1.3/build/CMakeFiles/CMakeTmp'
Building C object CMakeFiles/cmTC_bb8f5.dir/src.c.o
/usr/bin/cc   -DWITH_WERROR_WRITE_STRINGS_FLAG -Werror   -Werror=write-strings -o CMakeFiles/cmTC_bb8f5.dir/src.c.o   -c /home/sichunqin/code/cmocka-1.1.3/build/CMakeFiles/CMakeTmp/src.c
Linking C executable cmTC_bb8f5
/usr/bin/cmake -E cmake_link_script CMakeFiles/cmTC_bb8f5.dir/link.txt --verbose=1
/usr/bin/cc  -DWITH_WERROR_WRITE_STRINGS_FLAG -Werror    CMakeFiles/cmTC_bb8f5.dir/src.c.o  -o cmTC_bb8f5 
make[1]: Leaving directory '/home/sichunqin/code/cmocka-1.1.3/build/CMakeFiles/CMakeTmp'


Source file was:
int main(void) { return 0; }
Performing C SOURCE FILE Test WITH_WERROR_IMPLICIT_FUNCTION_DECLARATION_FLAG succeeded with the following output:
Change Dir: /home/sichunqin/code/cmocka-1.1.3/build/CMakeFiles/CMakeTmp

Run Build Command(s):/usr/bin/make cmTC_81f5d/fast && /usr/bin/make -f CMakeFiles/cmTC_81f5d.dir/build.make CMakeFiles/cmTC_81f5d.dir/build
make[1]: Entering directory '/home/sichunqin/code/cmocka-1.1.3/build/CMakeFiles/CMakeTmp'
Building C object CMakeFiles/cmTC_81f5d.dir/src.c.o
/usr/bin/cc   -DWITH_WERROR_IMPLICIT_FUNCTION_DECLARATION_FLAG -Werror   -Werror-implicit-function-declaration -o CMakeFiles/cmTC_81f5d.dir/src.c.o   -c /home/sichunqin/code/cmocka-1.1.3/build/CMakeFiles/CMakeTmp/src.c
Linking C executable cmTC_81f5d
/usr/bin/cmake -E cmake_link_script CMakeFiles/cmTC_81f5d.dir/link.txt --verbose=1
/usr/bin/cc  -DWITH_WERROR_IMPLICIT_FUNCTION_DECLARATION_FLAG -Werror    CMakeFiles/cmTC_81f5d.dir/src.c.o  -o cmTC_81f5d 
make[1]: Leaving directory '/home/sichunqin/code/cmocka-1.1.3/build/CMakeFiles/CMakeTmp'


Source file was:
int main(void) { return 0; }
Performing C SOURCE FILE Test WITH_WPOINTER_ARITH_FLAG succeeded with the following output:
Change Dir: /home/sichunqin/code/cmocka-1.1.3/build/CMakeFiles/CMakeTmp

Run Build Command(s):/usr/bin/make cmTC_3f00c/fast && /usr/bin/make -f CMakeFiles/cmTC_3f00c.dir/build.make CMakeFiles/cmTC_3f00c.dir/build
make[1]: Entering directory '/home/sichunqin/code/cmocka-1.1.3/build/CMakeFiles/CMakeTmp'
Building C object CMakeFiles/cmTC_3f00c.dir/src.c.o
/usr/bin/cc   -DWITH_WPOINTER_ARITH_FLAG -Werror   -Wpointer-arith -o CMakeFiles/cmTC_3f00c.dir/src.c.o   -c /home/sichunqin/code/cmocka-1.1.3/build/CMakeFiles/CMakeTmp/src.c
Linking C executable cmTC_3f00c
/usr/bin/cmake -E cmake_link_script CMakeFiles/cmTC_3f00c.dir/link.txt --verbose=1
/usr/bin/cc  -DWITH_WPOINTER_ARITH_FLAG -Werror    CMakeFiles/cmTC_3f00c.dir/src.c.o  -o cmTC_3f00c 
make[1]: Leaving directory '/home/sichunqin/code/cmocka-1.1.3/build/CMakeFiles/CMakeTmp'


Source file was:
int main(void) { return 0; }
Performing C SOURCE FILE Test WITH_WERROR_POINTER_ARITH_FLAG succeeded with the following output:
Change Dir: /home/sichunqin/code/cmocka-1.1.3/build/CMakeFiles/CMakeTmp

Run Build Command(s):/usr/bin/make cmTC_61c14/fast && /usr/bin/make -f CMakeFiles/cmTC_61c14.dir/build.make CMakeFiles/cmTC_61c14.dir/build
make[1]: Entering directory '/home/sichunqin/code/cmocka-1.1.3/build/CMakeFiles/CMakeTmp'
Building C object CMakeFiles/cmTC_61c14.dir/src.c.o
/usr/bin/cc   -DWITH_WERROR_POINTER_ARITH_FLAG -Werror   -Werror=pointer-arith -o CMakeFiles/cmTC_61c14.dir/src.c.o   -c /home/sichunqin/code/cmocka-1.1.3/build/CMakeFiles/CMakeTmp/src.c
Linking C executable cmTC_61c14
/usr/bin/cmake -E cmake_link_script CMakeFiles/cmTC_61c14.dir/link.txt --verbose=1
/usr/bin/cc  -DWITH_WERROR_POINTER_ARITH_FLAG -Werror    CMakeFiles/cmTC_61c14.dir/src.c.o  -o cmTC_61c14 
make[1]: Leaving directory '/home/sichunqin/code/cmocka-1.1.3/build/CMakeFiles/CMakeTmp'


Source file was:
int main(void) { return 0; }
Performing C SOURCE FILE Test WITH_WDECLARATION_AFTER_STATEMENT_FLAG succeeded with the following output:
Change Dir: /home/sichunqin/code/cmocka-1.1.3/build/CMakeFiles/CMakeTmp

Run Build Command(s):/usr/bin/make cmTC_c85b4/fast && /usr/bin/make -f CMakeFiles/cmTC_c85b4.dir/build.make CMakeFiles/cmTC_c85b4.dir/build
make[1]: Entering directory '/home/sichunqin/code/cmocka-1.1.3/build/CMakeFiles/CMakeTmp'
Building C object CMakeFiles/cmTC_c85b4.dir/src.c.o
/usr/bin/cc   -DWITH_WDECLARATION_AFTER_STATEMENT_FLAG -Werror   -Wdeclaration-after-statement -o CMakeFiles/cmTC_c85b4.dir/src.c.o   -c /home/sichunqin/code/cmocka-1.1.3/build/CMakeFiles/CMakeTmp/src.c
Linking C executable cmTC_c85b4
/usr/bin/cmake -E cmake_link_script CMakeFiles/cmTC_c85b4.dir/link.txt --verbose=1
/usr/bin/cc  -DWITH_WDECLARATION_AFTER_STATEMENT_FLAG -Werror    CMakeFiles/cmTC_c85b4.dir/src.c.o  -o cmTC_c85b4 
make[1]: Leaving directory '/home/sichunqin/code/cmocka-1.1.3/build/CMakeFiles/CMakeTmp'


Source file was:
int main(void) { return 0; }
Performing C SOURCE FILE Test WITH_WERROR_DECLARATION_AFTER_STATEMENT_FLAG succeeded with the following output:
Change Dir: /home/sichunqin/code/cmocka-1.1.3/build/CMakeFiles/CMakeTmp

Run Build Command(s):/usr/bin/make cmTC_96fd3/fast && /usr/bin/make -f CMakeFiles/cmTC_96fd3.dir/build.make CMakeFiles/cmTC_96fd3.dir/build
make[1]: Entering directory '/home/sichunqin/code/cmocka-1.1.3/build/CMakeFiles/CMakeTmp'
Building C object CMakeFiles/cmTC_96fd3.dir/src.c.o
/usr/bin/cc   -DWITH_WERROR_DECLARATION_AFTER_STATEMENT_FLAG -Werror   -Werror=declaration-after-statement -o CMakeFiles/cmTC_96fd3.dir/src.c.o   -c /home/sichunqin/code/cmocka-1.1.3/build/CMakeFiles/CMakeTmp/src.c
Linking C executable cmTC_96fd3
/usr/bin/cmake -E cmake_link_script CMakeFiles/cmTC_96fd3.dir/link.txt --verbose=1
/usr/bin/cc  -DWITH_WERROR_DECLARATION_AFTER_STATEMENT_FLAG -Werror    CMakeFiles/cmTC_96fd3.dir/src.c.o  -o cmTC_96fd3 
make[1]: Leaving directory '/home/sichunqin/code/cmocka-1.1.3/build/CMakeFiles/CMakeTmp'


Source file was:
int main(void) { return 0; }
Performing C SOURCE FILE Test WITH_WRETURN_TYPE_FLAG succeeded with the following output:
Change Dir: /home/sichunqin/code/cmocka-1.1.3/build/CMakeFiles/CMakeTmp

Run Build Command(s):/usr/bin/make cmTC_13d7e/fast && /usr/bin/make -f CMakeFiles/cmTC_13d7e.dir/build.make CMakeFiles/cmTC_13d7e.dir/build
make[1]: Entering directory '/home/sichunqin/code/cmocka-1.1.3/build/CMakeFiles/CMakeTmp'
Building C object CMakeFiles/cmTC_13d7e.dir/src.c.o
/usr/bin/cc   -DWITH_WRETURN_TYPE_FLAG -Werror   -Wreturn-type -o CMakeFiles/cmTC_13d7e.dir/src.c.o   -c /home/sichunqin/code/cmocka-1.1.3/build/CMakeFiles/CMakeTmp/src.c
Linking C executable cmTC_13d7e
/usr/bin/cmake -E cmake_link_script CMakeFiles/cmTC_13d7e.dir/link.txt --verbose=1
/usr/bin/cc  -DWITH_WRETURN_TYPE_FLAG -Werror    CMakeFiles/cmTC_13d7e.dir/src.c.o  -o cmTC_13d7e 
make[1]: Leaving directory '/home/sichunqin/code/cmocka-1.1.3/build/CMakeFiles/CMakeTmp'


Source file was:
int main(void) { return 0; }
Performing C SOURCE FILE Test WITH_WERROR_RETURN_TYPE_FLAG succeeded with the following output:
Change Dir: /home/sichunqin/code/cmocka-1.1.3/build/CMakeFiles/CMakeTmp

Run Build Command(s):/usr/bin/make cmTC_added/fast && /usr/bin/make -f CMakeFiles/cmTC_added.dir/build.make CMakeFiles/cmTC_added.dir/build
make[1]: Entering directory '/home/sichunqin/code/cmocka-1.1.3/build/CMakeFiles/CMakeTmp'
Building C object CMakeFiles/cmTC_added.dir/src.c.o
/usr/bin/cc   -DWITH_WERROR_RETURN_TYPE_FLAG -Werror   -Werror=return-type -o CMakeFiles/cmTC_added.dir/src.c.o   -c /home/sichunqin/code/cmocka-1.1.3/build/CMakeFiles/CMakeTmp/src.c
Linking C executable cmTC_added
/usr/bin/cmake -E cmake_link_script CMakeFiles/cmTC_added.dir/link.txt --verbose=1
/usr/bin/cc  -DWITH_WERROR_RETURN_TYPE_FLAG -Werror    CMakeFiles/cmTC_added.dir/src.c.o  -o cmTC_added 
make[1]: Leaving directory '/home/sichunqin/code/cmocka-1.1.3/build/CMakeFiles/CMakeTmp'


Source file was:
int main(void) { return 0; }
Performing C SOURCE FILE Test WITH_WUNINITIALIZED_FLAG succeeded with the following output:
Change Dir: /home/sichunqin/code/cmocka-1.1.3/build/CMakeFiles/CMakeTmp

Run Build Command(s):/usr/bin/make cmTC_45d61/fast && /usr/bin/make -f CMakeFiles/cmTC_45d61.dir/build.make CMakeFiles/cmTC_45d61.dir/build
make[1]: Entering directory '/home/sichunqin/code/cmocka-1.1.3/build/CMakeFiles/CMakeTmp'
Building C object CMakeFiles/cmTC_45d61.dir/src.c.o
/usr/bin/cc   -DWITH_WUNINITIALIZED_FLAG -Werror   -Wuninitialized -o CMakeFiles/cmTC_45d61.dir/src.c.o   -c /home/sichunqin/code/cmocka-1.1.3/build/CMakeFiles/CMakeTmp/src.c
Linking C executable cmTC_45d61
/usr/bin/cmake -E cmake_link_script CMakeFiles/cmTC_45d61.dir/link.txt --verbose=1
/usr/bin/cc  -DWITH_WUNINITIALIZED_FLAG -Werror    CMakeFiles/cmTC_45d61.dir/src.c.o  -o cmTC_45d61 
make[1]: Leaving directory '/home/sichunqin/code/cmocka-1.1.3/build/CMakeFiles/CMakeTmp'


Source file was:
int main(void) { return 0; }
Performing C SOURCE FILE Test WITH_WERROR_UNINITIALIZED_FLAG succeeded with the following output:
Change Dir: /home/sichunqin/code/cmocka-1.1.3/build/CMakeFiles/CMakeTmp

Run Build Command(s):/usr/bin/make cmTC_774d1/fast && /usr/bin/make -f CMakeFiles/cmTC_774d1.dir/build.make CMakeFiles/cmTC_774d1.dir/build
make[1]: Entering directory '/home/sichunqin/code/cmocka-1.1.3/build/CMakeFiles/CMakeTmp'
Building C object CMakeFiles/cmTC_774d1.dir/src.c.o
/usr/bin/cc   -DWITH_WERROR_UNINITIALIZED_FLAG -Werror   -Werror=uninitialized -o CMakeFiles/cmTC_774d1.dir/src.c.o   -c /home/sichunqin/code/cmocka-1.1.3/build/CMakeFiles/CMakeTmp/src.c
Linking C executable cmTC_774d1
/usr/bin/cmake -E cmake_link_script CMakeFiles/cmTC_774d1.dir/link.txt --verbose=1
/usr/bin/cc  -DWITH_WERROR_UNINITIALIZED_FLAG -Werror    CMakeFiles/cmTC_774d1.dir/src.c.o  -o cmTC_774d1 
make[1]: Leaving directory '/home/sichunqin/code/cmocka-1.1.3/build/CMakeFiles/CMakeTmp'


Source file was:
int main(void) { return 0; }
Performing C SOURCE FILE Test WITH_WIMPLICIT_FALLTHROUGH_FLAG succeeded with the following output:
Change Dir: /home/sichunqin/code/cmocka-1.1.3/build/CMakeFiles/CMakeTmp

Run Build Command(s):/usr/bin/make cmTC_12faf/fast && /usr/bin/make -f CMakeFiles/cmTC_12faf.dir/build.make CMakeFiles/cmTC_12faf.dir/build
make[1]: Entering directory '/home/sichunqin/code/cmocka-1.1.3/build/CMakeFiles/CMakeTmp'
Building C object CMakeFiles/cmTC_12faf.dir/src.c.o
/usr/bin/cc   -DWITH_WIMPLICIT_FALLTHROUGH_FLAG -Werror   -Wimplicit-fallthrough -o CMakeFiles/cmTC_12faf.dir/src.c.o   -c /home/sichunqin/code/cmocka-1.1.3/build/CMakeFiles/CMakeTmp/src.c
Linking C executable cmTC_12faf
/usr/bin/cmake -E cmake_link_script CMakeFiles/cmTC_12faf.dir/link.txt --verbose=1
/usr/bin/cc  -DWITH_WIMPLICIT_FALLTHROUGH_FLAG -Werror    CMakeFiles/cmTC_12faf.dir/src.c.o  -o cmTC_12faf 
make[1]: Leaving directory '/home/sichunqin/code/cmocka-1.1.3/build/CMakeFiles/CMakeTmp'


Source file was:
int main(void) { return 0; }
Performing C SOURCE FILE Test WITH_WERROR_STRICT_OVERFLOW_FLAG succeeded with the following output:
Change Dir: /home/sichunqin/code/cmocka-1.1.3/build/CMakeFiles/CMakeTmp

Run Build Command(s):/usr/bin/make cmTC_5b766/fast && /usr/bin/make -f CMakeFiles/cmTC_5b766.dir/build.make CMakeFiles/cmTC_5b766.dir/build
make[1]: Entering directory '/home/sichunqin/code/cmocka-1.1.3/build/CMakeFiles/CMakeTmp'
Building C object CMakeFiles/cmTC_5b766.dir/src.c.o
/usr/bin/cc   -DWITH_WERROR_STRICT_OVERFLOW_FLAG -Werror   -Werror=strict-overflow -o CMakeFiles/cmTC_5b766.dir/src.c.o   -c /home/sichunqin/code/cmocka-1.1.3/build/CMakeFiles/CMakeTmp/src.c
Linking C executable cmTC_5b766
/usr/bin/cmake -E cmake_link_script CMakeFiles/cmTC_5b766.dir/link.txt --verbose=1
/usr/bin/cc  -DWITH_WERROR_STRICT_OVERFLOW_FLAG -Werror    CMakeFiles/cmTC_5b766.dir/src.c.o  -o cmTC_5b766 
make[1]: Leaving directory '/home/sichunqin/code/cmocka-1.1.3/build/CMakeFiles/CMakeTmp'


Source file was:
int main(void) { return 0; }
Performing C SOURCE FILE Test WITH_WSTRICT_OVERFLOW_2_FLAG succeeded with the following output:
Change Dir: /home/sichunqin/code/cmocka-1.1.3/build/CMakeFiles/CMakeTmp

Run Build Command(s):/usr/bin/make cmTC_d6e69/fast && /usr/bin/make -f CMakeFiles/cmTC_d6e69.dir/build.make CMakeFiles/cmTC_d6e69.dir/build
make[1]: Entering directory '/home/sichunqin/code/cmocka-1.1.3/build/CMakeFiles/CMakeTmp'
Building C object CMakeFiles/cmTC_d6e69.dir/src.c.o
/usr/bin/cc   -DWITH_WSTRICT_OVERFLOW_2_FLAG -Werror   -Wstrict-overflow=2 -o CMakeFiles/cmTC_d6e69.dir/src.c.o   -c /home/sichunqin/code/cmocka-1.1.3/build/CMakeFiles/CMakeTmp/src.c
Linking C executable cmTC_d6e69
/usr/bin/cmake -E cmake_link_script CMakeFiles/cmTC_d6e69.dir/link.txt --verbose=1
/usr/bin/cc  -DWITH_WSTRICT_OVERFLOW_2_FLAG -Werror    CMakeFiles/cmTC_d6e69.dir/src.c.o  -o cmTC_d6e69 
make[1]: Leaving directory '/home/sichunqin/code/cmocka-1.1.3/build/CMakeFiles/CMakeTmp'


Source file was:
int main(void) { return 0; }
Performing C SOURCE FILE Test WITH_WNO_FORMAT_ZERO_LENGTH_FLAG succeeded with the following output:
Change Dir: /home/sichunqin/code/cmocka-1.1.3/build/CMakeFiles/CMakeTmp

Run Build Command(s):/usr/bin/make cmTC_d2ae9/fast && /usr/bin/make -f CMakeFiles/cmTC_d2ae9.dir/build.make CMakeFiles/cmTC_d2ae9.dir/build
make[1]: Entering directory '/home/sichunqin/code/cmocka-1.1.3/build/CMakeFiles/CMakeTmp'
Building C object CMakeFiles/cmTC_d2ae9.dir/src.c.o
/usr/bin/cc   -DWITH_WNO_FORMAT_ZERO_LENGTH_FLAG -Werror   -Wno-format-zero-length -o CMakeFiles/cmTC_d2ae9.dir/src.c.o   -c /home/sichunqin/code/cmocka-1.1.3/build/CMakeFiles/CMakeTmp/src.c
Linking C executable cmTC_d2ae9
/usr/bin/cmake -E cmake_link_script CMakeFiles/cmTC_d2ae9.dir/link.txt --verbose=1
/usr/bin/cc  -DWITH_WNO_FORMAT_ZERO_LENGTH_FLAG -Werror    CMakeFiles/cmTC_d2ae9.dir/src.c.o  -o cmTC_d2ae9 
make[1]: Leaving directory '/home/sichunqin/code/cmocka-1.1.3/build/CMakeFiles/CMakeTmp'


Source file was:
int main(void) { return 0; }
Performing C SOURCE FILE Test REQUIRED_FLAGS_WFORMAT succeeded with the following output:
Change Dir: /home/sichunqin/code/cmocka-1.1.3/build/CMakeFiles/CMakeTmp

Run Build Command(s):/usr/bin/make cmTC_45591/fast && /usr/bin/make -f CMakeFiles/cmTC_45591.dir/build.make CMakeFiles/cmTC_45591.dir/build
make[1]: Entering directory '/home/sichunqin/code/cmocka-1.1.3/build/CMakeFiles/CMakeTmp'
Building C object CMakeFiles/cmTC_45591.dir/src.c.o
/usr/bin/cc   -DREQUIRED_FLAGS_WFORMAT -Werror   -Wformat -o CMakeFiles/cmTC_45591.dir/src.c.o   -c /home/sichunqin/code/cmocka-1.1.3/build/CMakeFiles/CMakeTmp/src.c
Linking C executable cmTC_45591
/usr/bin/cmake -E cmake_link_script CMakeFiles/cmTC_45591.dir/link.txt --verbose=1
/usr/bin/cc  -DREQUIRED_FLAGS_WFORMAT -Werror    CMakeFiles/cmTC_45591.dir/src.c.o  -o cmTC_45591 
make[1]: Leaving directory '/home/sichunqin/code/cmocka-1.1.3/build/CMakeFiles/CMakeTmp'


Source file was:
int main(void) { return 0; }
Performing C SOURCE FILE Test WITH_WFORMAT_SECURITY_FLAG succeeded with the following output:
Change Dir: /home/sichunqin/code/cmocka-1.1.3/build/CMakeFiles/CMakeTmp

Run Build Command(s):/usr/bin/make cmTC_edf72/fast && /usr/bin/make -f CMakeFiles/cmTC_edf72.dir/build.make CMakeFiles/cmTC_edf72.dir/build
make[1]: Entering directory '/home/sichunqin/code/cmocka-1.1.3/build/CMakeFiles/CMakeTmp'
Building C object CMakeFiles/cmTC_edf72.dir/src.c.o
/usr/bin/cc   -DWITH_WFORMAT_SECURITY_FLAG -Werror -Wformat   -Wformat-security -o CMakeFiles/cmTC_edf72.dir/src.c.o   -c /home/sichunqin/code/cmocka-1.1.3/build/CMakeFiles/CMakeTmp/src.c
Linking C executable cmTC_edf72
/usr/bin/cmake -E cmake_link_script CMakeFiles/cmTC_edf72.dir/link.txt --verbose=1
/usr/bin/cc  -DWITH_WFORMAT_SECURITY_FLAG -Werror -Wformat    CMakeFiles/cmTC_edf72.dir/src.c.o  -o cmTC_edf72 
make[1]: Leaving directory '/home/sichunqin/code/cmocka-1.1.3/build/CMakeFiles/CMakeTmp'


Source file was:
int main(void) { return 0; }
Performing C SOURCE FILE Test WITH_WERROR_FORMAT_SECURITY_FLAG succeeded with the following output:
Change Dir: /home/sichunqin/code/cmocka-1.1.3/build/CMakeFiles/CMakeTmp

Run Build Command(s):/usr/bin/make cmTC_08f28/fast && /usr/bin/make -f CMakeFiles/cmTC_08f28.dir/build.make CMakeFiles/cmTC_08f28.dir/build
make[1]: Entering directory '/home/sichunqin/code/cmocka-1.1.3/build/CMakeFiles/CMakeTmp'
Building C object CMakeFiles/cmTC_08f28.dir/src.c.o
/usr/bin/cc   -DWITH_WERROR_FORMAT_SECURITY_FLAG -Werror -Wformat   -Werror=format-security -o CMakeFiles/cmTC_08f28.dir/src.c.o   -c /home/sichunqin/code/cmocka-1.1.3/build/CMakeFiles/CMakeTmp/src.c
Linking C executable cmTC_08f28
/usr/bin/cmake -E cmake_link_script CMakeFiles/cmTC_08f28.dir/link.txt --verbose=1
/usr/bin/cc  -DWITH_WERROR_FORMAT_SECURITY_FLAG -Werror -Wformat    CMakeFiles/cmTC_08f28.dir/src.c.o  -o cmTC_08f28 
make[1]: Leaving directory '/home/sichunqin/code/cmocka-1.1.3/build/CMakeFiles/CMakeTmp'


Source file was:
int main(void) { return 0; }
Performing C SOURCE FILE Test WITH_WNO_GNU_ZERO_VARIADIC_MACRO_ARGUMENTS_FLAG succeeded with the following output:
Change Dir: /home/sichunqin/code/cmocka-1.1.3/build/CMakeFiles/CMakeTmp

Run Build Command(s):/usr/bin/make cmTC_a57b3/fast && /usr/bin/make -f CMakeFiles/cmTC_a57b3.dir/build.make CMakeFiles/cmTC_a57b3.dir/build
make[1]: Entering directory '/home/sichunqin/code/cmocka-1.1.3/build/CMakeFiles/CMakeTmp'
Building C object CMakeFiles/cmTC_a57b3.dir/src.c.o
/usr/bin/cc   -DWITH_WNO_GNU_ZERO_VARIADIC_MACRO_ARGUMENTS_FLAG -Werror -Wformat   -Wno-gnu-zero-variadic-macro-arguments -o CMakeFiles/cmTC_a57b3.dir/src.c.o   -c /home/sichunqin/code/cmocka-1.1.3/build/CMakeFiles/CMakeTmp/src.c
Linking C executable cmTC_a57b3
/usr/bin/cmake -E cmake_link_script CMakeFiles/cmTC_a57b3.dir/link.txt --verbose=1
/usr/bin/cc  -DWITH_WNO_GNU_ZERO_VARIADIC_MACRO_ARGUMENTS_FLAG -Werror -Wformat    CMakeFiles/cmTC_a57b3.dir/src.c.o  -o cmTC_a57b3 
make[1]: Leaving directory '/home/sichunqin/code/cmocka-1.1.3/build/CMakeFiles/CMakeTmp'


Source file was:
int main(void) { return 0; }
Performing C SOURCE FILE Test WITH_FNO_COMMON_FLAG succeeded with the following output:
Change Dir: /home/sichunqin/code/cmocka-1.1.3/build/CMakeFiles/CMakeTmp

Run Build Command(s):/usr/bin/make cmTC_03767/fast && /usr/bin/make -f CMakeFiles/cmTC_03767.dir/build.make CMakeFiles/cmTC_03767.dir/build
make[1]: Entering directory '/home/sichunqin/code/cmocka-1.1.3/build/CMakeFiles/CMakeTmp'
Building C object CMakeFiles/cmTC_03767.dir/src.c.o
/usr/bin/cc   -DWITH_FNO_COMMON_FLAG -Werror -Wformat   -fno-common -o CMakeFiles/cmTC_03767.dir/src.c.o   -c /home/sichunqin/code/cmocka-1.1.3/build/CMakeFiles/CMakeTmp/src.c
Linking C executable cmTC_03767
/usr/bin/cmake -E cmake_link_script CMakeFiles/cmTC_03767.dir/link.txt --verbose=1
/usr/bin/cc  -DWITH_FNO_COMMON_FLAG -Werror -Wformat    CMakeFiles/cmTC_03767.dir/src.c.o  -o cmTC_03767 
make[1]: Leaving directory '/home/sichunqin/code/cmocka-1.1.3/build/CMakeFiles/CMakeTmp'


Source file was:
int main(void) { return 0; }
Performing C SOURCE FILE Test WITH_STACK_PROTECTOR_STRONG succeeded with the following output:
Change Dir: /home/sichunqin/code/cmocka-1.1.3/build/CMakeFiles/CMakeTmp

Run Build Command(s):/usr/bin/make cmTC_8d1ae/fast && /usr/bin/make -f CMakeFiles/cmTC_8d1ae.dir/build.make CMakeFiles/cmTC_8d1ae.dir/build
make[1]: Entering directory '/home/sichunqin/code/cmocka-1.1.3/build/CMakeFiles/CMakeTmp'
Building C object CMakeFiles/cmTC_8d1ae.dir/src.c.o
/usr/bin/cc   -DWITH_STACK_PROTECTOR_STRONG -fstack-protector-strong   -o CMakeFiles/cmTC_8d1ae.dir/src.c.o   -c /home/sichunqin/code/cmocka-1.1.3/build/CMakeFiles/CMakeTmp/src.c
Linking C executable cmTC_8d1ae
/usr/bin/cmake -E cmake_link_script CMakeFiles/cmTC_8d1ae.dir/link.txt --verbose=1
/usr/bin/cc  -DWITH_STACK_PROTECTOR_STRONG -fstack-protector-strong    CMakeFiles/cmTC_8d1ae.dir/src.c.o  -o cmTC_8d1ae 
make[1]: Leaving directory '/home/sichunqin/code/cmocka-1.1.3/build/CMakeFiles/CMakeTmp'


Source file was:
int main(int argc, char **argv) { char buffer[256]; return buffer[argc]=0;}
Performing C SOURCE FILE Test WITH_STACK_CLASH_PROTECTION succeeded with the following output:
Change Dir: /home/sichunqin/code/cmocka-1.1.3/build/CMakeFiles/CMakeTmp

Run Build Command(s):/usr/bin/make cmTC_5b45a/fast && /usr/bin/make -f CMakeFiles/cmTC_5b45a.dir/build.make CMakeFiles/cmTC_5b45a.dir/build
make[1]: Entering directory '/home/sichunqin/code/cmocka-1.1.3/build/CMakeFiles/CMakeTmp'
Building C object CMakeFiles/cmTC_5b45a.dir/src.c.o
/usr/bin/cc   -DWITH_STACK_CLASH_PROTECTION -fstack-clash-protection   -o CMakeFiles/cmTC_5b45a.dir/src.c.o   -c /home/sichunqin/code/cmocka-1.1.3/build/CMakeFiles/CMakeTmp/src.c
Linking C executable cmTC_5b45a
/usr/bin/cmake -E cmake_link_script CMakeFiles/cmTC_5b45a.dir/link.txt --verbose=1
/usr/bin/cc  -DWITH_STACK_CLASH_PROTECTION -fstack-clash-protection    CMakeFiles/cmTC_5b45a.dir/src.c.o  -o cmTC_5b45a 
make[1]: Leaving directory '/home/sichunqin/code/cmocka-1.1.3/build/CMakeFiles/CMakeTmp'


Source file was:
int main(int argc, char **argv) { char buffer[256]; return buffer[argc]=0;}
Performing C SOURCE FILE Test WITH_VISIBILITY_HIDDEN succeeded with the following output:
Change Dir: /home/sichunqin/code/cmocka-1.1.3/build/CMakeFiles/CMakeTmp

Run Build Command(s):/usr/bin/make cmTC_67cd5/fast && /usr/bin/make -f CMakeFiles/cmTC_67cd5.dir/build.make CMakeFiles/cmTC_67cd5.dir/build
make[1]: Entering directory '/home/sichunqin/code/cmocka-1.1.3/build/CMakeFiles/CMakeTmp'
Building C object CMakeFiles/cmTC_67cd5.dir/src.c.o
/usr/bin/cc   -DWITH_VISIBILITY_HIDDEN   -fvisibility=hidden -o CMakeFiles/cmTC_67cd5.dir/src.c.o   -c /home/sichunqin/code/cmocka-1.1.3/build/CMakeFiles/CMakeTmp/src.c
Linking C executable cmTC_67cd5
/usr/bin/cmake -E cmake_link_script CMakeFiles/cmTC_67cd5.dir/link.txt --verbose=1
/usr/bin/cc  -DWITH_VISIBILITY_HIDDEN    CMakeFiles/cmTC_67cd5.dir/src.c.o  -o cmTC_67cd5 
make[1]: Leaving directory '/home/sichunqin/code/cmocka-1.1.3/build/CMakeFiles/CMakeTmp'


Source file was:
int main(void) { return 0; }
Determining if the include file assert.h exists passed with the following output:
Change Dir: /home/sichunqin/code/cmocka-1.1.3/build/CMakeFiles/CMakeTmp

Run Build Command(s):/usr/bin/make cmTC_441a5/fast && /usr/bin/make -f CMakeFiles/cmTC_441a5.dir/build.make CMakeFiles/cmTC_441a5.dir/build
make[1]: Entering directory '/home/sichunqin/code/cmocka-1.1.3/build/CMakeFiles/CMakeTmp'
Building C object CMakeFiles/cmTC_441a5.dir/CheckIncludeFile.c.o
/usr/bin/cc    -o CMakeFiles/cmTC_441a5.dir/CheckIncludeFile.c.o   -c /home/sichunqin/code/cmocka-1.1.3/build/CMakeFiles/CMakeTmp/CheckIncludeFile.c
Linking C executable cmTC_441a5
/usr/bin/cmake -E cmake_link_script CMakeFiles/cmTC_441a5.dir/link.txt --verbose=1
/usr/bin/cc      CMakeFiles/cmTC_441a5.dir/CheckIncludeFile.c.o  -o cmTC_441a5 
make[1]: Leaving directory '/home/sichunqin/code/cmocka-1.1.3/build/CMakeFiles/CMakeTmp'



Determining if the include file inttypes.h exists passed with the following output:
Change Dir: /home/sichunqin/code/cmocka-1.1.3/build/CMakeFiles/CMakeTmp

Run Build Command(s):/usr/bin/make cmTC_8ca51/fast && /usr/bin/make -f CMakeFiles/cmTC_8ca51.dir/build.make CMakeFiles/cmTC_8ca51.dir/build
make[1]: Entering directory '/home/sichunqin/code/cmocka-1.1.3/build/CMakeFiles/CMakeTmp'
Building C object CMakeFiles/cmTC_8ca51.dir/CheckIncludeFile.c.o
/usr/bin/cc    -o CMakeFiles/cmTC_8ca51.dir/CheckIncludeFile.c.o   -c /home/sichunqin/code/cmocka-1.1.3/build/CMakeFiles/CMakeTmp/CheckIncludeFile.c
Linking C executable cmTC_8ca51
/usr/bin/cmake -E cmake_link_script CMakeFiles/cmTC_8ca51.dir/link.txt --verbose=1
/usr/bin/cc      CMakeFiles/cmTC_8ca51.dir/CheckIncludeFile.c.o  -o cmTC_8ca51 
make[1]: Leaving directory '/home/sichunqin/code/cmocka-1.1.3/build/CMakeFiles/CMakeTmp'



Determining if the include file malloc.h exists passed with the following output:
Change Dir: /home/sichunqin/code/cmocka-1.1.3/build/CMakeFiles/CMakeTmp

Run Build Command(s):/usr/bin/make cmTC_4924c/fast && /usr/bin/make -f CMakeFiles/cmTC_4924c.dir/build.make CMakeFiles/cmTC_4924c.dir/build
make[1]: Entering directory '/home/sichunqin/code/cmocka-1.1.3/build/CMakeFiles/CMakeTmp'
Building C object CMakeFiles/cmTC_4924c.dir/CheckIncludeFile.c.o
/usr/bin/cc    -o CMakeFiles/cmTC_4924c.dir/CheckIncludeFile.c.o   -c /home/sichunqin/code/cmocka-1.1.3/build/CMakeFiles/CMakeTmp/CheckIncludeFile.c
Linking C executable cmTC_4924c
/usr/bin/cmake -E cmake_link_script CMakeFiles/cmTC_4924c.dir/link.txt --verbose=1
/usr/bin/cc      CMakeFiles/cmTC_4924c.dir/CheckIncludeFile.c.o  -o cmTC_4924c 
make[1]: Leaving directory '/home/sichunqin/code/cmocka-1.1.3/build/CMakeFiles/CMakeTmp'



Determining if the include file memory.h exists passed with the following output:
Change Dir: /home/sichunqin/code/cmocka-1.1.3/build/CMakeFiles/CMakeTmp

Run Build Command(s):/usr/bin/make cmTC_7980d/fast && /usr/bin/make -f CMakeFiles/cmTC_7980d.dir/build.make CMakeFiles/cmTC_7980d.dir/build
make[1]: Entering directory '/home/sichunqin/code/cmocka-1.1.3/build/CMakeFiles/CMakeTmp'
Building C object CMakeFiles/cmTC_7980d.dir/CheckIncludeFile.c.o
/usr/bin/cc    -o CMakeFiles/cmTC_7980d.dir/CheckIncludeFile.c.o   -c /home/sichunqin/code/cmocka-1.1.3/build/CMakeFiles/CMakeTmp/CheckIncludeFile.c
Linking C executable cmTC_7980d
/usr/bin/cmake -E cmake_link_script CMakeFiles/cmTC_7980d.dir/link.txt --verbose=1
/usr/bin/cc      CMakeFiles/cmTC_7980d.dir/CheckIncludeFile.c.o  -o cmTC_7980d 
make[1]: Leaving directory '/home/sichunqin/code/cmocka-1.1.3/build/CMakeFiles/CMakeTmp'



Determining if the include file setjmp.h exists passed with the following output:
Change Dir: /home/sichunqin/code/cmocka-1.1.3/build/CMakeFiles/CMakeTmp

Run Build Command(s):/usr/bin/make cmTC_64dc2/fast && /usr/bin/make -f CMakeFiles/cmTC_64dc2.dir/build.make CMakeFiles/cmTC_64dc2.dir/build
make[1]: Entering directory '/home/sichunqin/code/cmocka-1.1.3/build/CMakeFiles/CMakeTmp'
Building C object CMakeFiles/cmTC_64dc2.dir/CheckIncludeFile.c.o
/usr/bin/cc    -o CMakeFiles/cmTC_64dc2.dir/CheckIncludeFile.c.o   -c /home/sichunqin/code/cmocka-1.1.3/build/CMakeFiles/CMakeTmp/CheckIncludeFile.c
Linking C executable cmTC_64dc2
/usr/bin/cmake -E cmake_link_script CMakeFiles/cmTC_64dc2.dir/link.txt --verbose=1
/usr/bin/cc      CMakeFiles/cmTC_64dc2.dir/CheckIncludeFile.c.o  -o cmTC_64dc2 
make[1]: Leaving directory '/home/sichunqin/code/cmocka-1.1.3/build/CMakeFiles/CMakeTmp'



Determining if the include file signal.h exists passed with the following output:
Change Dir: /home/sichunqin/code/cmocka-1.1.3/build/CMakeFiles/CMakeTmp

Run Build Command(s):/usr/bin/make cmTC_0fe54/fast && /usr/bin/make -f CMakeFiles/cmTC_0fe54.dir/build.make CMakeFiles/cmTC_0fe54.dir/build
make[1]: Entering directory '/home/sichunqin/code/cmocka-1.1.3/build/CMakeFiles/CMakeTmp'
Building C object CMakeFiles/cmTC_0fe54.dir/CheckIncludeFile.c.o
/usr/bin/cc    -o CMakeFiles/cmTC_0fe54.dir/CheckIncludeFile.c.o   -c /home/sichunqin/code/cmocka-1.1.3/build/CMakeFiles/CMakeTmp/CheckIncludeFile.c
Linking C executable cmTC_0fe54
/usr/bin/cmake -E cmake_link_script CMakeFiles/cmTC_0fe54.dir/link.txt --verbose=1
/usr/bin/cc      CMakeFiles/cmTC_0fe54.dir/CheckIncludeFile.c.o  -o cmTC_0fe54 
make[1]: Leaving directory '/home/sichunqin/code/cmocka-1.1.3/build/CMakeFiles/CMakeTmp'



Determining if the include file stdarg.h exists passed with the following output:
Change Dir: /home/sichunqin/code/cmocka-1.1.3/build/CMakeFiles/CMakeTmp

Run Build Command(s):/usr/bin/make cmTC_f6a2d/fast && /usr/bin/make -f CMakeFiles/cmTC_f6a2d.dir/build.make CMakeFiles/cmTC_f6a2d.dir/build
make[1]: Entering directory '/home/sichunqin/code/cmocka-1.1.3/build/CMakeFiles/CMakeTmp'
Building C object CMakeFiles/cmTC_f6a2d.dir/CheckIncludeFile.c.o
/usr/bin/cc    -o CMakeFiles/cmTC_f6a2d.dir/CheckIncludeFile.c.o   -c /home/sichunqin/code/cmocka-1.1.3/build/CMakeFiles/CMakeTmp/CheckIncludeFile.c
Linking C executable cmTC_f6a2d
/usr/bin/cmake -E cmake_link_script CMakeFiles/cmTC_f6a2d.dir/link.txt --verbose=1
/usr/bin/cc      CMakeFiles/cmTC_f6a2d.dir/CheckIncludeFile.c.o  -o cmTC_f6a2d 
make[1]: Leaving directory '/home/sichunqin/code/cmocka-1.1.3/build/CMakeFiles/CMakeTmp'



Determining if the include file stddef.h exists passed with the following output:
Change Dir: /home/sichunqin/code/cmocka-1.1.3/build/CMakeFiles/CMakeTmp

Run Build Command(s):/usr/bin/make cmTC_ff768/fast && /usr/bin/make -f CMakeFiles/cmTC_ff768.dir/build.make CMakeFiles/cmTC_ff768.dir/build
make[1]: Entering directory '/home/sichunqin/code/cmocka-1.1.3/build/CMakeFiles/CMakeTmp'
Building C object CMakeFiles/cmTC_ff768.dir/CheckIncludeFile.c.o
/usr/bin/cc    -o CMakeFiles/cmTC_ff768.dir/CheckIncludeFile.c.o   -c /home/sichunqin/code/cmocka-1.1.3/build/CMakeFiles/CMakeTmp/CheckIncludeFile.c
Linking C executable cmTC_ff768
/usr/bin/cmake -E cmake_link_script CMakeFiles/cmTC_ff768.dir/link.txt --verbose=1
/usr/bin/cc      CMakeFiles/cmTC_ff768.dir/CheckIncludeFile.c.o  -o cmTC_ff768 
make[1]: Leaving directory '/home/sichunqin/code/cmocka-1.1.3/build/CMakeFiles/CMakeTmp'



Determining if the include file stdint.h exists passed with the following output:
Change Dir: /home/sichunqin/code/cmocka-1.1.3/build/CMakeFiles/CMakeTmp

Run Build Command(s):/usr/bin/make cmTC_c7b7b/fast && /usr/bin/make -f CMakeFiles/cmTC_c7b7b.dir/build.make CMakeFiles/cmTC_c7b7b.dir/build
make[1]: Entering directory '/home/sichunqin/code/cmocka-1.1.3/build/CMakeFiles/CMakeTmp'
Building C object CMakeFiles/cmTC_c7b7b.dir/CheckIncludeFile.c.o
/usr/bin/cc    -o CMakeFiles/cmTC_c7b7b.dir/CheckIncludeFile.c.o   -c /home/sichunqin/code/cmocka-1.1.3/build/CMakeFiles/CMakeTmp/CheckIncludeFile.c
Linking C executable cmTC_c7b7b
/usr/bin/cmake -E cmake_link_script CMakeFiles/cmTC_c7b7b.dir/link.txt --verbose=1
/usr/bin/cc      CMakeFiles/cmTC_c7b7b.dir/CheckIncludeFile.c.o  -o cmTC_c7b7b 
make[1]: Leaving directory '/home/sichunqin/code/cmocka-1.1.3/build/CMakeFiles/CMakeTmp'



Determining if the include file stdio.h exists passed with the following output:
Change Dir: /home/sichunqin/code/cmocka-1.1.3/build/CMakeFiles/CMakeTmp

Run Build Command(s):/usr/bin/make cmTC_06a43/fast && /usr/bin/make -f CMakeFiles/cmTC_06a43.dir/build.make CMakeFiles/cmTC_06a43.dir/build
make[1]: Entering directory '/home/sichunqin/code/cmocka-1.1.3/build/CMakeFiles/CMakeTmp'
Building C object CMakeFiles/cmTC_06a43.dir/CheckIncludeFile.c.o
/usr/bin/cc    -o CMakeFiles/cmTC_06a43.dir/CheckIncludeFile.c.o   -c /home/sichunqin/code/cmocka-1.1.3/build/CMakeFiles/CMakeTmp/CheckIncludeFile.c
Linking C executable cmTC_06a43
/usr/bin/cmake -E cmake_link_script CMakeFiles/cmTC_06a43.dir/link.txt --verbose=1
/usr/bin/cc      CMakeFiles/cmTC_06a43.dir/CheckIncludeFile.c.o  -o cmTC_06a43 
make[1]: Leaving directory '/home/sichunqin/code/cmocka-1.1.3/build/CMakeFiles/CMakeTmp'



Determining if the include file stdlib.h exists passed with the following output:
Change Dir: /home/sichunqin/code/cmocka-1.1.3/build/CMakeFiles/CMakeTmp

Run Build Command(s):/usr/bin/make cmTC_7e5d4/fast && /usr/bin/make -f CMakeFiles/cmTC_7e5d4.dir/build.make CMakeFiles/cmTC_7e5d4.dir/build
make[1]: Entering directory '/home/sichunqin/code/cmocka-1.1.3/build/CMakeFiles/CMakeTmp'
Building C object CMakeFiles/cmTC_7e5d4.dir/CheckIncludeFile.c.o
/usr/bin/cc    -o CMakeFiles/cmTC_7e5d4.dir/CheckIncludeFile.c.o   -c /home/sichunqin/code/cmocka-1.1.3/build/CMakeFiles/CMakeTmp/CheckIncludeFile.c
Linking C executable cmTC_7e5d4
/usr/bin/cmake -E cmake_link_script CMakeFiles/cmTC_7e5d4.dir/link.txt --verbose=1
/usr/bin/cc      CMakeFiles/cmTC_7e5d4.dir/CheckIncludeFile.c.o  -o cmTC_7e5d4 
make[1]: Leaving directory '/home/sichunqin/code/cmocka-1.1.3/build/CMakeFiles/CMakeTmp'



Determining if the include file string.h exists passed with the following output:
Change Dir: /home/sichunqin/code/cmocka-1.1.3/build/CMakeFiles/CMakeTmp

Run Build Command(s):/usr/bin/make cmTC_2f7c3/fast && /usr/bin/make -f CMakeFiles/cmTC_2f7c3.dir/build.make CMakeFiles/cmTC_2f7c3.dir/build
make[1]: Entering directory '/home/sichunqin/code/cmocka-1.1.3/build/CMakeFiles/CMakeTmp'
Building C object CMakeFiles/cmTC_2f7c3.dir/CheckIncludeFile.c.o
/usr/bin/cc    -o CMakeFiles/cmTC_2f7c3.dir/CheckIncludeFile.c.o   -c /home/sichunqin/code/cmocka-1.1.3/build/CMakeFiles/CMakeTmp/CheckIncludeFile.c
Linking C executable cmTC_2f7c3
/usr/bin/cmake -E cmake_link_script CMakeFiles/cmTC_2f7c3.dir/link.txt --verbose=1
/usr/bin/cc      CMakeFiles/cmTC_2f7c3.dir/CheckIncludeFile.c.o  -o cmTC_2f7c3 
make[1]: Leaving directory '/home/sichunqin/code/cmocka-1.1.3/build/CMakeFiles/CMakeTmp'



Determining if the include file strings.h exists passed with the following output:
Change Dir: /home/sichunqin/code/cmocka-1.1.3/build/CMakeFiles/CMakeTmp

Run Build Command(s):/usr/bin/make cmTC_10c1c/fast && /usr/bin/make -f CMakeFiles/cmTC_10c1c.dir/build.make CMakeFiles/cmTC_10c1c.dir/build
make[1]: Entering directory '/home/sichunqin/code/cmocka-1.1.3/build/CMakeFiles/CMakeTmp'
Building C object CMakeFiles/cmTC_10c1c.dir/CheckIncludeFile.c.o
/usr/bin/cc    -o CMakeFiles/cmTC_10c1c.dir/CheckIncludeFile.c.o   -c /home/sichunqin/code/cmocka-1.1.3/build/CMakeFiles/CMakeTmp/CheckIncludeFile.c
Linking C executable cmTC_10c1c
/usr/bin/cmake -E cmake_link_script CMakeFiles/cmTC_10c1c.dir/link.txt --verbose=1
/usr/bin/cc      CMakeFiles/cmTC_10c1c.dir/CheckIncludeFile.c.o  -o cmTC_10c1c 
make[1]: Leaving directory '/home/sichunqin/code/cmocka-1.1.3/build/CMakeFiles/CMakeTmp'



Determining if the include file sys/stat.h exists passed with the following output:
Change Dir: /home/sichunqin/code/cmocka-1.1.3/build/CMakeFiles/CMakeTmp

Run Build Command(s):/usr/bin/make cmTC_f4d97/fast && /usr/bin/make -f CMakeFiles/cmTC_f4d97.dir/build.make CMakeFiles/cmTC_f4d97.dir/build
make[1]: Entering directory '/home/sichunqin/code/cmocka-1.1.3/build/CMakeFiles/CMakeTmp'
Building C object CMakeFiles/cmTC_f4d97.dir/CheckIncludeFile.c.o
/usr/bin/cc    -o CMakeFiles/cmTC_f4d97.dir/CheckIncludeFile.c.o   -c /home/sichunqin/code/cmocka-1.1.3/build/CMakeFiles/CMakeTmp/CheckIncludeFile.c
Linking C executable cmTC_f4d97
/usr/bin/cmake -E cmake_link_script CMakeFiles/cmTC_f4d97.dir/link.txt --verbose=1
/usr/bin/cc      CMakeFiles/cmTC_f4d97.dir/CheckIncludeFile.c.o  -o cmTC_f4d97 
make[1]: Leaving directory '/home/sichunqin/code/cmocka-1.1.3/build/CMakeFiles/CMakeTmp'



Determining if the include file sys/types.h exists passed with the following output:
Change Dir: /home/sichunqin/code/cmocka-1.1.3/build/CMakeFiles/CMakeTmp

Run Build Command(s):/usr/bin/make cmTC_168fc/fast && /usr/bin/make -f CMakeFiles/cmTC_168fc.dir/build.make CMakeFiles/cmTC_168fc.dir/build
make[1]: Entering directory '/home/sichunqin/code/cmocka-1.1.3/build/CMakeFiles/CMakeTmp'
Building C object CMakeFiles/cmTC_168fc.dir/CheckIncludeFile.c.o
/usr/bin/cc    -o CMakeFiles/cmTC_168fc.dir/CheckIncludeFile.c.o   -c /home/sichunqin/code/cmocka-1.1.3/build/CMakeFiles/CMakeTmp/CheckIncludeFile.c
Linking C executable cmTC_168fc
/usr/bin/cmake -E cmake_link_script CMakeFiles/cmTC_168fc.dir/link.txt --verbose=1
/usr/bin/cc      CMakeFiles/cmTC_168fc.dir/CheckIncludeFile.c.o  -o cmTC_168fc 
make[1]: Leaving directory '/home/sichunqin/code/cmocka-1.1.3/build/CMakeFiles/CMakeTmp'



Determining if the include file time.h exists passed with the following output:
Change Dir: /home/sichunqin/code/cmocka-1.1.3/build/CMakeFiles/CMakeTmp

Run Build Command(s):/usr/bin/make cmTC_5abfb/fast && /usr/bin/make -f CMakeFiles/cmTC_5abfb.dir/build.make CMakeFiles/cmTC_5abfb.dir/build
make[1]: Entering directory '/home/sichunqin/code/cmocka-1.1.3/build/CMakeFiles/CMakeTmp'
Building C object CMakeFiles/cmTC_5abfb.dir/CheckIncludeFile.c.o
/usr/bin/cc    -o CMakeFiles/cmTC_5abfb.dir/CheckIncludeFile.c.o   -c /home/sichunqin/code/cmocka-1.1.3/build/CMakeFiles/CMakeTmp/CheckIncludeFile.c
Linking C executable cmTC_5abfb
/usr/bin/cmake -E cmake_link_script CMakeFiles/cmTC_5abfb.dir/link.txt --verbose=1
/usr/bin/cc      CMakeFiles/cmTC_5abfb.dir/CheckIncludeFile.c.o  -o cmTC_5abfb 
make[1]: Leaving directory '/home/sichunqin/code/cmocka-1.1.3/build/CMakeFiles/CMakeTmp'



Determining if the include file unistd.h exists passed with the following output:
Change Dir: /home/sichunqin/code/cmocka-1.1.3/build/CMakeFiles/CMakeTmp

Run Build Command(s):/usr/bin/make cmTC_418ec/fast && /usr/bin/make -f CMakeFiles/cmTC_418ec.dir/build.make CMakeFiles/cmTC_418ec.dir/build
make[1]: Entering directory '/home/sichunqin/code/cmocka-1.1.3/build/CMakeFiles/CMakeTmp'
Building C object CMakeFiles/cmTC_418ec.dir/CheckIncludeFile.c.o
/usr/bin/cc    -o CMakeFiles/cmTC_418ec.dir/CheckIncludeFile.c.o   -c /home/sichunqin/code/cmocka-1.1.3/build/CMakeFiles/CMakeTmp/CheckIncludeFile.c
Linking C executable cmTC_418ec
/usr/bin/cmake -E cmake_link_script CMakeFiles/cmTC_418ec.dir/link.txt --verbose=1
/usr/bin/cc      CMakeFiles/cmTC_418ec.dir/CheckIncludeFile.c.o  -o cmTC_418ec 
make[1]: Leaving directory '/home/sichunqin/code/cmocka-1.1.3/build/CMakeFiles/CMakeTmp'



Performing C SOURCE FILE Test HAVE_STRUCT_TIMESPEC succeeded with the following output:
Change Dir: /home/sichunqin/code/cmocka-1.1.3/build/CMakeFiles/CMakeTmp

Run Build Command(s):/usr/bin/make cmTC_f3304/fast && /usr/bin/make -f CMakeFiles/cmTC_f3304.dir/build.make CMakeFiles/cmTC_f3304.dir/build
make[1]: Entering directory '/home/sichunqin/code/cmocka-1.1.3/build/CMakeFiles/CMakeTmp'
Building C object CMakeFiles/cmTC_f3304.dir/src.c.o
/usr/bin/cc   -DHAVE_STRUCT_TIMESPEC   -o CMakeFiles/cmTC_f3304.dir/src.c.o   -c /home/sichunqin/code/cmocka-1.1.3/build/CMakeFiles/CMakeTmp/src.c
Linking C executable cmTC_f3304
/usr/bin/cmake -E cmake_link_script CMakeFiles/cmTC_f3304.dir/link.txt --verbose=1
/usr/bin/cc  -DHAVE_STRUCT_TIMESPEC    CMakeFiles/cmTC_f3304.dir/src.c.o  -o cmTC_f3304 
make[1]: Leaving directory '/home/sichunqin/code/cmocka-1.1.3/build/CMakeFiles/CMakeTmp'


Source file was:

#include <time.h>

int main()
{
  (void)sizeof(((struct timespec *)0)->tv_sec);
  return 0;
}

Determining if the function calloc exists passed with the following output:
Change Dir: /home/sichunqin/code/cmocka-1.1.3/build/CMakeFiles/CMakeTmp

Run Build Command(s):/usr/bin/make cmTC_42e0b/fast && /usr/bin/make -f CMakeFiles/cmTC_42e0b.dir/build.make CMakeFiles/cmTC_42e0b.dir/build
make[1]: Entering directory '/home/sichunqin/code/cmocka-1.1.3/build/CMakeFiles/CMakeTmp'
Building C object CMakeFiles/cmTC_42e0b.dir/CheckFunctionExists.c.o
/usr/bin/cc   -DCHECK_FUNCTION_EXISTS=calloc   -o CMakeFiles/cmTC_42e0b.dir/CheckFunctionExists.c.o   -c /usr/share/cmake-3.16/Modules/CheckFunctionExists.c
<command-line>: warning: conflicting types for built-in function calloc; expected void *(long unsigned int,  long unsigned int) [-Wbuiltin-declaration-mismatch]
/usr/share/cmake-3.16/Modules/CheckFunctionExists.c:7:3: note: in expansion of macro CHECK_FUNCTION_EXISTS
    7 |   CHECK_FUNCTION_EXISTS(void);
      |   ^~~~~~~~~~~~~~~~~~~~~
/usr/share/cmake-3.16/Modules/CheckFunctionExists.c:1:1: note: calloc is declared in header <stdlib.h>
  +++ |+#include <stdlib.h>
    1 | #ifdef CHECK_FUNCTION_EXISTS
Linking C executable cmTC_42e0b
/usr/bin/cmake -E cmake_link_script CMakeFiles/cmTC_42e0b.dir/link.txt --verbose=1
/usr/bin/cc  -DCHECK_FUNCTION_EXISTS=calloc    CMakeFiles/cmTC_42e0b.dir/CheckFunctionExists.c.o  -o cmTC_42e0b 
make[1]: Leaving directory '/home/sichunqin/code/cmocka-1.1.3/build/CMakeFiles/CMakeTmp'



Determining if the function exit exists passed with the following output:
Change Dir: /home/sichunqin/code/cmocka-1.1.3/build/CMakeFiles/CMakeTmp

Run Build Command(s):/usr/bin/make cmTC_1bf8f/fast && /usr/bin/make -f CMakeFiles/cmTC_1bf8f.dir/build.make CMakeFiles/cmTC_1bf8f.dir/build
make[1]: Entering directory '/home/sichunqin/code/cmocka-1.1.3/build/CMakeFiles/CMakeTmp'
Building C object CMakeFiles/cmTC_1bf8f.dir/CheckFunctionExists.c.o
/usr/bin/cc   -DCHECK_FUNCTION_EXISTS=exit   -o CMakeFiles/cmTC_1bf8f.dir/CheckFunctionExists.c.o   -c /usr/share/cmake-3.16/Modules/CheckFunctionExists.c
<command-line>: warning: conflicting types for built-in function exit; expected void(int) [-Wbuiltin-declaration-mismatch]
/usr/share/cmake-3.16/Modules/CheckFunctionExists.c:7:3: note: in expansion of macro CHECK_FUNCTION_EXISTS
    7 |   CHECK_FUNCTION_EXISTS(void);
      |   ^~~~~~~~~~~~~~~~~~~~~
/usr/share/cmake-3.16/Modules/CheckFunctionExists.c:1:1: note: exit is declared in header <stdlib.h>
  +++ |+#include <stdlib.h>
    1 | #ifdef CHECK_FUNCTION_EXISTS
Linking C executable cmTC_1bf8f
/usr/bin/cmake -E cmake_link_script CMakeFiles/cmTC_1bf8f.dir/link.txt --verbose=1
/usr/bin/cc  -DCHECK_FUNCTION_EXISTS=exit    CMakeFiles/cmTC_1bf8f.dir/CheckFunctionExists.c.o  -o cmTC_1bf8f 
make[1]: Leaving directory '/home/sichunqin/code/cmocka-1.1.3/build/CMakeFiles/CMakeTmp'



Determining if the function fprintf exists passed with the following output:
Change Dir: /home/sichunqin/code/cmocka-1.1.3/build/CMakeFiles/CMakeTmp

Run Build Command(s):/usr/bin/make cmTC_70a12/fast && /usr/bin/make -f CMakeFiles/cmTC_70a12.dir/build.make CMakeFiles/cmTC_70a12.dir/build
make[1]: Entering directory '/home/sichunqin/code/cmocka-1.1.3/build/CMakeFiles/CMakeTmp'
Building C object CMakeFiles/cmTC_70a12.dir/CheckFunctionExists.c.o
/usr/bin/cc   -DCHECK_FUNCTION_EXISTS=fprintf   -o CMakeFiles/cmTC_70a12.dir/CheckFunctionExists.c.o   -c /usr/share/cmake-3.16/Modules/CheckFunctionExists.c
<command-line>: warning: conflicting types for built-in function fprintf; expected int(void *, const char *, ...) [-Wbuiltin-declaration-mismatch]
/usr/share/cmake-3.16/Modules/CheckFunctionExists.c:7:3: note: in expansion of macro CHECK_FUNCTION_EXISTS
    7 |   CHECK_FUNCTION_EXISTS(void);
      |   ^~~~~~~~~~~~~~~~~~~~~
/usr/share/cmake-3.16/Modules/CheckFunctionExists.c:1:1: note: fprintf is declared in header <stdio.h>
  +++ |+#include <stdio.h>
    1 | #ifdef CHECK_FUNCTION_EXISTS
Linking C executable cmTC_70a12
/usr/bin/cmake -E cmake_link_script CMakeFiles/cmTC_70a12.dir/link.txt --verbose=1
/usr/bin/cc  -DCHECK_FUNCTION_EXISTS=fprintf    CMakeFiles/cmTC_70a12.dir/CheckFunctionExists.c.o  -o cmTC_70a12 
make[1]: Leaving directory '/home/sichunqin/code/cmocka-1.1.3/build/CMakeFiles/CMakeTmp'



Determining if the function free exists passed with the following output:
Change Dir: /home/sichunqin/code/cmocka-1.1.3/build/CMakeFiles/CMakeTmp

Run Build Command(s):/usr/bin/make cmTC_2568d/fast && /usr/bin/make -f CMakeFiles/cmTC_2568d.dir/build.make CMakeFiles/cmTC_2568d.dir/build
make[1]: Entering directory '/home/sichunqin/code/cmocka-1.1.3/build/CMakeFiles/CMakeTmp'
Building C object CMakeFiles/cmTC_2568d.dir/CheckFunctionExists.c.o
/usr/bin/cc   -DCHECK_FUNCTION_EXISTS=free   -o CMakeFiles/cmTC_2568d.dir/CheckFunctionExists.c.o   -c /usr/share/cmake-3.16/Modules/CheckFunctionExists.c
<command-line>: warning: conflicting types for built-in function free; expected void(void *) [-Wbuiltin-declaration-mismatch]
/usr/share/cmake-3.16/Modules/CheckFunctionExists.c:7:3: note: in expansion of macro CHECK_FUNCTION_EXISTS
    7 |   CHECK_FUNCTION_EXISTS(void);
      |   ^~~~~~~~~~~~~~~~~~~~~
/usr/share/cmake-3.16/Modules/CheckFunctionExists.c:1:1: note: free is declared in header <stdlib.h>
  +++ |+#include <stdlib.h>
    1 | #ifdef CHECK_FUNCTION_EXISTS
Linking C executable cmTC_2568d
/usr/bin/cmake -E cmake_link_script CMakeFiles/cmTC_2568d.dir/link.txt --verbose=1
/usr/bin/cc  -DCHECK_FUNCTION_EXISTS=free    CMakeFiles/cmTC_2568d.dir/CheckFunctionExists.c.o  -o cmTC_2568d 
make[1]: Leaving directory '/home/sichunqin/code/cmocka-1.1.3/build/CMakeFiles/CMakeTmp'



Determining if the function longjmp exists passed with the following output:
Change Dir: /home/sichunqin/code/cmocka-1.1.3/build/CMakeFiles/CMakeTmp

Run Build Command(s):/usr/bin/make cmTC_fbc0a/fast && /usr/bin/make -f CMakeFiles/cmTC_fbc0a.dir/build.make CMakeFiles/cmTC_fbc0a.dir/build
make[1]: Entering directory '/home/sichunqin/code/cmocka-1.1.3/build/CMakeFiles/CMakeTmp'
Building C object CMakeFiles/cmTC_fbc0a.dir/CheckFunctionExists.c.o
/usr/bin/cc   -DCHECK_FUNCTION_EXISTS=longjmp   -o CMakeFiles/cmTC_fbc0a.dir/CheckFunctionExists.c.o   -c /usr/share/cmake-3.16/Modules/CheckFunctionExists.c
Linking C executable cmTC_fbc0a
/usr/bin/cmake -E cmake_link_script CMakeFiles/cmTC_fbc0a.dir/link.txt --verbose=1
/usr/bin/cc  -DCHECK_FUNCTION_EXISTS=longjmp    CMakeFiles/cmTC_fbc0a.dir/CheckFunctionExists.c.o  -o cmTC_fbc0a 
make[1]: Leaving directory '/home/sichunqin/code/cmocka-1.1.3/build/CMakeFiles/CMakeTmp'



Determining if the function siglongjmp exists passed with the following output:
Change Dir: /home/sichunqin/code/cmocka-1.1.3/build/CMakeFiles/CMakeTmp

Run Build Command(s):/usr/bin/make cmTC_3beb4/fast && /usr/bin/make -f CMakeFiles/cmTC_3beb4.dir/build.make CMakeFiles/cmTC_3beb4.dir/build
make[1]: Entering directory '/home/sichunqin/code/cmocka-1.1.3/build/CMakeFiles/CMakeTmp'
Building C object CMakeFiles/cmTC_3beb4.dir/CheckFunctionExists.c.o
/usr/bin/cc   -DCHECK_FUNCTION_EXISTS=siglongjmp   -o CMakeFiles/cmTC_3beb4.dir/CheckFunctionExists.c.o   -c /usr/share/cmake-3.16/Modules/CheckFunctionExists.c
Linking C executable cmTC_3beb4
/usr/bin/cmake -E cmake_link_script CMakeFiles/cmTC_3beb4.dir/link.txt --verbose=1
/usr/bin/cc  -DCHECK_FUNCTION_EXISTS=siglongjmp    CMakeFiles/cmTC_3beb4.dir/CheckFunctionExists.c.o  -o cmTC_3beb4 
make[1]: Leaving directory '/home/sichunqin/code/cmocka-1.1.3/build/CMakeFiles/CMakeTmp'



Determining if the function malloc exists passed with the following output:
Change Dir: /home/sichunqin/code/cmocka-1.1.3/build/CMakeFiles/CMakeTmp

Run Build Command(s):/usr/bin/make cmTC_83ce2/fast && /usr/bin/make -f CMakeFiles/cmTC_83ce2.dir/build.make CMakeFiles/cmTC_83ce2.dir/build
make[1]: Entering directory '/home/sichunqin/code/cmocka-1.1.3/build/CMakeFiles/CMakeTmp'
Building C object CMakeFiles/cmTC_83ce2.dir/CheckFunctionExists.c.o
/usr/bin/cc   -DCHECK_FUNCTION_EXISTS=malloc   -o CMakeFiles/cmTC_83ce2.dir/CheckFunctionExists.c.o   -c /usr/share/cmake-3.16/Modules/CheckFunctionExists.c
<command-line>: warning: conflicting types for built-in function malloc; expected void *(long unsigned int) [-Wbuiltin-declaration-mismatch]
/usr/share/cmake-3.16/Modules/CheckFunctionExists.c:7:3: note: in expansion of macro CHECK_FUNCTION_EXISTS
    7 |   CHECK_FUNCTION_EXISTS(void);
      |   ^~~~~~~~~~~~~~~~~~~~~
/usr/share/cmake-3.16/Modules/CheckFunctionExists.c:1:1: note: malloc is declared in header <stdlib.h>
  +++ |+#include <stdlib.h>
    1 | #ifdef CHECK_FUNCTION_EXISTS
Linking C executable cmTC_83ce2
/usr/bin/cmake -E cmake_link_script CMakeFiles/cmTC_83ce2.dir/link.txt --verbose=1
/usr/bin/cc  -DCHECK_FUNCTION_EXISTS=malloc    CMakeFiles/cmTC_83ce2.dir/CheckFunctionExists.c.o  -o cmTC_83ce2 
make[1]: Leaving directory '/home/sichunqin/code/cmocka-1.1.3/build/CMakeFiles/CMakeTmp'



Determining if the function memcpy exists passed with the following output:
Change Dir: /home/sichunqin/code/cmocka-1.1.3/build/CMakeFiles/CMakeTmp

Run Build Command(s):/usr/bin/make cmTC_3bd86/fast && /usr/bin/make -f CMakeFiles/cmTC_3bd86.dir/build.make CMakeFiles/cmTC_3bd86.dir/build
make[1]: Entering directory '/home/sichunqin/code/cmocka-1.1.3/build/CMakeFiles/CMakeTmp'
Building C object CMakeFiles/cmTC_3bd86.dir/CheckFunctionExists.c.o
/usr/bin/cc   -DCHECK_FUNCTION_EXISTS=memcpy   -o CMakeFiles/cmTC_3bd86.dir/CheckFunctionExists.c.o   -c /usr/share/cmake-3.16/Modules/CheckFunctionExists.c
<command-line>: warning: conflicting types for built-in function memcpy; expected void *(void *, const void *, long unsigned int) [-Wbuiltin-declaration-mismatch]
/usr/share/cmake-3.16/Modules/CheckFunctionExists.c:7:3: note: in expansion of macro CHECK_FUNCTION_EXISTS
    7 |   CHECK_FUNCTION_EXISTS(void);
      |   ^~~~~~~~~~~~~~~~~~~~~
/usr/share/cmake-3.16/Modules/CheckFunctionExists.c:1:1: note: memcpy is declared in header <string.h>
  +++ |+#include <string.h>
    1 | #ifdef CHECK_FUNCTION_EXISTS
Linking C executable cmTC_3bd86
/usr/bin/cmake -E cmake_link_script CMakeFiles/cmTC_3bd86.dir/link.txt --verbose=1
/usr/bin/cc  -DCHECK_FUNCTION_EXISTS=memcpy    CMakeFiles/cmTC_3bd86.dir/CheckFunctionExists.c.o  -o cmTC_3bd86 
make[1]: Leaving directory '/home/sichunqin/code/cmocka-1.1.3/build/CMakeFiles/CMakeTmp'



Determining if the function memset exists passed with the following output:
Change Dir: /home/sichunqin/code/cmocka-1.1.3/build/CMakeFiles/CMakeTmp

Run Build Command(s):/usr/bin/make cmTC_7e145/fast && /usr/bin/make -f CMakeFiles/cmTC_7e145.dir/build.make CMakeFiles/cmTC_7e145.dir/build
make[1]: Entering directory '/home/sichunqin/code/cmocka-1.1.3/build/CMakeFiles/CMakeTmp'
Building C object CMakeFiles/cmTC_7e145.dir/CheckFunctionExists.c.o
/usr/bin/cc   -DCHECK_FUNCTION_EXISTS=memset   -o CMakeFiles/cmTC_7e145.dir/CheckFunctionExists.c.o   -c /usr/share/cmake-3.16/Modules/CheckFunctionExists.c
<command-line>: warning: conflicting types for built-in function memset; expected void *(void *, int,  long unsigned int) [-Wbuiltin-declaration-mismatch]
/usr/share/cmake-3.16/Modules/CheckFunctionExists.c:7:3: note: in expansion of macro CHECK_FUNCTION_EXISTS
    7 |   CHECK_FUNCTION_EXISTS(void);
      |   ^~~~~~~~~~~~~~~~~~~~~
/usr/share/cmake-3.16/Modules/CheckFunctionExists.c:1:1: note: memset is declared in header <string.h>
  +++ |+#include <string.h>
    1 | #ifdef CHECK_FUNCTION_EXISTS
Linking C executable cmTC_7e145
/usr/bin/cmake -E cmake_link_script CMakeFiles/cmTC_7e145.dir/link.txt --verbose=1
/usr/bin/cc  -DCHECK_FUNCTION_EXISTS=memset    CMakeFiles/cmTC_7e145.dir/CheckFunctionExists.c.o  -o cmTC_7e145 
make[1]: Leaving directory '/home/sichunqin/code/cmocka-1.1.3/build/CMakeFiles/CMakeTmp'



Determining if the function printf exists passed with the following output:
Change Dir: /home/sichunqin/code/cmocka-1.1.3/build/CMakeFiles/CMakeTmp

Run Build Command(s):/usr/bin/make cmTC_1c4a1/fast && /usr/bin/make -f CMakeFiles/cmTC_1c4a1.dir/build.make CMakeFiles/cmTC_1c4a1.dir/build
make[1]: Entering directory '/home/sichunqin/code/cmocka-1.1.3/build/CMakeFiles/CMakeTmp'
Building C object CMakeFiles/cmTC_1c4a1.dir/CheckFunctionExists.c.o
/usr/bin/cc   -DCHECK_FUNCTION_EXISTS=printf   -o CMakeFiles/cmTC_1c4a1.dir/CheckFunctionExists.c.o   -c /usr/share/cmake-3.16/Modules/CheckFunctionExists.c
<command-line>: warning: conflicting types for built-in function printf; expected int(const char *, ...) [-Wbuiltin-declaration-mismatch]
/usr/share/cmake-3.16/Modules/CheckFunctionExists.c:7:3: note: in expansion of macro CHECK_FUNCTION_EXISTS
    7 |   CHECK_FUNCTION_EXISTS(void);
      |   ^~~~~~~~~~~~~~~~~~~~~
/usr/share/cmake-3.16/Modules/CheckFunctionExists.c:1:1: note: printf is declared in header <stdio.h>
  +++ |+#include <stdio.h>
    1 | #ifdef CHECK_FUNCTION_EXISTS
Linking C executable cmTC_1c4a1
/usr/bin/cmake -E cmake_link_script CMakeFiles/cmTC_1c4a1.dir/link.txt --verbose=1
/usr/bin/cc  -DCHECK_FUNCTION_EXISTS=printf    CMakeFiles/cmTC_1c4a1.dir/CheckFunctionExists.c.o  -o cmTC_1c4a1 
make[1]: Leaving directory '/home/sichunqin/code/cmocka-1.1.3/build/CMakeFiles/CMakeTmp'



Determining if the function setjmp exists passed with the following output:
Change Dir: /home/sichunqin/code/cmocka-1.1.3/build/CMakeFiles/CMakeTmp

Run Build Command(s):/usr/bin/make cmTC_dad8c/fast && /usr/bin/make -f CMakeFiles/cmTC_dad8c.dir/build.make CMakeFiles/cmTC_dad8c.dir/build
make[1]: Entering directory '/home/sichunqin/code/cmocka-1.1.3/build/CMakeFiles/CMakeTmp'
Building C object CMakeFiles/cmTC_dad8c.dir/CheckFunctionExists.c.o
/usr/bin/cc   -DCHECK_FUNCTION_EXISTS=setjmp   -o CMakeFiles/cmTC_dad8c.dir/CheckFunctionExists.c.o   -c /usr/share/cmake-3.16/Modules/CheckFunctionExists.c
Linking C executable cmTC_dad8c
/usr/bin/cmake -E cmake_link_script CMakeFiles/cmTC_dad8c.dir/link.txt --verbose=1
/usr/bin/cc  -DCHECK_FUNCTION_EXISTS=setjmp    CMakeFiles/cmTC_dad8c.dir/CheckFunctionExists.c.o  -o cmTC_dad8c 
make[1]: Leaving directory '/home/sichunqin/code/cmocka-1.1.3/build/CMakeFiles/CMakeTmp'



Determining if the function signal exists passed with the following output:
Change Dir: /home/sichunqin/code/cmocka-1.1.3/build/CMakeFiles/CMakeTmp

Run Build Command(s):/usr/bin/make cmTC_9cff3/fast && /usr/bin/make -f CMakeFiles/cmTC_9cff3.dir/build.make CMakeFiles/cmTC_9cff3.dir/build
make[1]: Entering directory '/home/sichunqin/code/cmocka-1.1.3/build/CMakeFiles/CMakeTmp'
Building C object CMakeFiles/cmTC_9cff3.dir/CheckFunctionExists.c.o
/usr/bin/cc   -DCHECK_FUNCTION_EXISTS=signal   -o CMakeFiles/cmTC_9cff3.dir/CheckFunctionExists.c.o   -c /usr/share/cmake-3.16/Modules/CheckFunctionExists.c
Linking C executable cmTC_9cff3
/usr/bin/cmake -E cmake_link_script CMakeFiles/cmTC_9cff3.dir/link.txt --verbose=1
/usr/bin/cc  -DCHECK_FUNCTION_EXISTS=signal    CMakeFiles/cmTC_9cff3.dir/CheckFunctionExists.c.o  -o cmTC_9cff3 
make[1]: Leaving directory '/home/sichunqin/code/cmocka-1.1.3/build/CMakeFiles/CMakeTmp'



Determining if the function strsignal exists passed with the following output:
Change Dir: /home/sichunqin/code/cmocka-1.1.3/build/CMakeFiles/CMakeTmp

Run Build Command(s):/usr/bin/make cmTC_82ca4/fast && /usr/bin/make -f CMakeFiles/cmTC_82ca4.dir/build.make CMakeFiles/cmTC_82ca4.dir/build
make[1]: Entering directory '/home/sichunqin/code/cmocka-1.1.3/build/CMakeFiles/CMakeTmp'
Building C object CMakeFiles/cmTC_82ca4.dir/CheckFunctionExists.c.o
/usr/bin/cc   -DCHECK_FUNCTION_EXISTS=strsignal   -o CMakeFiles/cmTC_82ca4.dir/CheckFunctionExists.c.o   -c /usr/share/cmake-3.16/Modules/CheckFunctionExists.c
Linking C executable cmTC_82ca4
/usr/bin/cmake -E cmake_link_script CMakeFiles/cmTC_82ca4.dir/link.txt --verbose=1
/usr/bin/cc  -DCHECK_FUNCTION_EXISTS=strsignal    CMakeFiles/cmTC_82ca4.dir/CheckFunctionExists.c.o  -o cmTC_82ca4 
make[1]: Leaving directory '/home/sichunqin/code/cmocka-1.1.3/build/CMakeFiles/CMakeTmp'



Determining if the function strcmp exists passed with the following output:
Change Dir: /home/sichunqin/code/cmocka-1.1.3/build/CMakeFiles/CMakeTmp

Run Build Command(s):/usr/bin/make cmTC_de151/fast && /usr/bin/make -f CMakeFiles/cmTC_de151.dir/build.make CMakeFiles/cmTC_de151.dir/build
make[1]: Entering directory '/home/sichunqin/code/cmocka-1.1.3/build/CMakeFiles/CMakeTmp'
Building C object CMakeFiles/cmTC_de151.dir/CheckFunctionExists.c.o
/usr/bin/cc   -DCHECK_FUNCTION_EXISTS=strcmp   -o CMakeFiles/cmTC_de151.dir/CheckFunctionExists.c.o   -c /usr/share/cmake-3.16/Modules/CheckFunctionExists.c
<command-line>: warning: conflicting types for built-in function strcmp; expected int(const char *, const char *) [-Wbuiltin-declaration-mismatch]
/usr/share/cmake-3.16/Modules/CheckFunctionExists.c:7:3: note: in expansion of macro CHECK_FUNCTION_EXISTS
    7 |   CHECK_FUNCTION_EXISTS(void);
      |   ^~~~~~~~~~~~~~~~~~~~~
/usr/share/cmake-3.16/Modules/CheckFunctionExists.c:1:1: note: strcmp is declared in header <string.h>
  +++ |+#include <string.h>
    1 | #ifdef CHECK_FUNCTION_EXISTS
Linking C executable cmTC_de151
/usr/bin/cmake -E cmake_link_script CMakeFiles/cmTC_de151.dir/link.txt --verbose=1
/usr/bin/cc  -DCHECK_FUNCTION_EXISTS=strcmp    CMakeFiles/cmTC_de151.dir/CheckFunctionExists.c.o  -o cmTC_de151 
make[1]: Leaving directory '/home/sichunqin/code/cmocka-1.1.3/build/CMakeFiles/CMakeTmp'



Determining if the function clock_gettime exists passed with the following output:
Change Dir: /home/sichunqin/code/cmocka-1.1.3/build/CMakeFiles/CMakeTmp

Run Build Command(s):/usr/bin/make cmTC_a33e2/fast && /usr/bin/make -f CMakeFiles/cmTC_a33e2.dir/build.make CMakeFiles/cmTC_a33e2.dir/build
make[1]: Entering directory '/home/sichunqin/code/cmocka-1.1.3/build/CMakeFiles/CMakeTmp'
Building C object CMakeFiles/cmTC_a33e2.dir/CheckFunctionExists.c.o
/usr/bin/cc   -DCHECK_FUNCTION_EXISTS=clock_gettime   -o CMakeFiles/cmTC_a33e2.dir/CheckFunctionExists.c.o   -c /usr/share/cmake-3.16/Modules/CheckFunctionExists.c
Linking C executable cmTC_a33e2
/usr/bin/cmake -E cmake_link_script CMakeFiles/cmTC_a33e2.dir/link.txt --verbose=1
/usr/bin/cc  -DCHECK_FUNCTION_EXISTS=clock_gettime    CMakeFiles/cmTC_a33e2.dir/CheckFunctionExists.c.o  -o cmTC_a33e2 
make[1]: Leaving directory '/home/sichunqin/code/cmocka-1.1.3/build/CMakeFiles/CMakeTmp'



Determining if the function sprintf exists passed with the following output:
Change Dir: /home/sichunqin/code/cmocka-1.1.3/build/CMakeFiles/CMakeTmp

Run Build Command(s):/usr/bin/make cmTC_b1e98/fast && /usr/bin/make -f CMakeFiles/cmTC_b1e98.dir/build.make CMakeFiles/cmTC_b1e98.dir/build
make[1]: Entering directory '/home/sichunqin/code/cmocka-1.1.3/build/CMakeFiles/CMakeTmp'
Building C object CMakeFiles/cmTC_b1e98.dir/CheckFunctionExists.c.o
/usr/bin/cc   -DCHECK_FUNCTION_EXISTS=sprintf   -o CMakeFiles/cmTC_b1e98.dir/CheckFunctionExists.c.o   -c /usr/share/cmake-3.16/Modules/CheckFunctionExists.c
<command-line>: warning: conflicting types for built-in function sprintf; expected int(char *, const char *, ...) [-Wbuiltin-declaration-mismatch]
/usr/share/cmake-3.16/Modules/CheckFunctionExists.c:7:3: note: in expansion of macro CHECK_FUNCTION_EXISTS
    7 |   CHECK_FUNCTION_EXISTS(void);
      |   ^~~~~~~~~~~~~~~~~~~~~
/usr/share/cmake-3.16/Modules/CheckFunctionExists.c:1:1: note: sprintf is declared in header <stdio.h>
  +++ |+#include <stdio.h>
    1 | #ifdef CHECK_FUNCTION_EXISTS
Linking C executable cmTC_b1e98
/usr/bin/cmake -E cmake_link_script CMakeFiles/cmTC_b1e98.dir/link.txt --verbose=1
/usr/bin/cc  -DCHECK_FUNCTION_EXISTS=sprintf    CMakeFiles/cmTC_b1e98.dir/CheckFunctionExists.c.o  -o cmTC_b1e98 
make[1]: Leaving directory '/home/sichunqin/code/cmocka-1.1.3/build/CMakeFiles/CMakeTmp'



Determining if the function vsnprintf exists passed with the following output:
Change Dir: /home/sichunqin/code/cmocka-1.1.3/build/CMakeFiles/CMakeTmp

Run Build Command(s):/usr/bin/make cmTC_b1042/fast && /usr/bin/make -f CMakeFiles/cmTC_b1042.dir/build.make CMakeFiles/cmTC_b1042.dir/build
make[1]: Entering directory '/home/sichunqin/code/cmocka-1.1.3/build/CMakeFiles/CMakeTmp'
Building C object CMakeFiles/cmTC_b1042.dir/CheckFunctionExists.c.o
/usr/bin/cc   -DCHECK_FUNCTION_EXISTS=vsnprintf   -o CMakeFiles/cmTC_b1042.dir/CheckFunctionExists.c.o   -c /usr/share/cmake-3.16/Modules/CheckFunctionExists.c
<command-line>: warning: conflicting types for built-in function vsnprintf; expected int(char *, long unsigned int,  const char *, __va_list_tag *) [-Wbuiltin-declaration-mismatch]
/usr/share/cmake-3.16/Modules/CheckFunctionExists.c:7:3: note: in expansion of macro CHECK_FUNCTION_EXISTS
    7 |   CHECK_FUNCTION_EXISTS(void);
      |   ^~~~~~~~~~~~~~~~~~~~~
/usr/share/cmake-3.16/Modules/CheckFunctionExists.c:1:1: note: vsnprintf is declared in header <stdio.h>
  +++ |+#include <stdio.h>
    1 | #ifdef CHECK_FUNCTION_EXISTS
Linking C executable cmTC_b1042
/usr/bin/cmake -E cmake_link_script CMakeFiles/cmTC_b1042.dir/link.txt --verbose=1
/usr/bin/cc  -DCHECK_FUNCTION_EXISTS=vsnprintf    CMakeFiles/cmTC_b1042.dir/CheckFunctionExists.c.o  -o cmTC_b1042 
make[1]: Leaving directory '/home/sichunqin/code/cmocka-1.1.3/build/CMakeFiles/CMakeTmp'



Performing C SOURCE FILE Test HAVE_GCC_THREAD_LOCAL_STORAGE succeeded with the following output:
Change Dir: /home/sichunqin/code/cmocka-1.1.3/build/CMakeFiles/CMakeTmp

Run Build Command(s):/usr/bin/make cmTC_6b1e0/fast && /usr/bin/make -f CMakeFiles/cmTC_6b1e0.dir/build.make CMakeFiles/cmTC_6b1e0.dir/build
make[1]: Entering directory '/home/sichunqin/code/cmocka-1.1.3/build/CMakeFiles/CMakeTmp'
Building C object CMakeFiles/cmTC_6b1e0.dir/src.c.o
/usr/bin/cc   -DHAVE_GCC_THREAD_LOCAL_STORAGE   -o CMakeFiles/cmTC_6b1e0.dir/src.c.o   -c /home/sichunqin/code/cmocka-1.1.3/build/CMakeFiles/CMakeTmp/src.c
Linking C executable cmTC_6b1e0
/usr/bin/cmake -E cmake_link_script CMakeFiles/cmTC_6b1e0.dir/link.txt --verbose=1
/usr/bin/cc  -DHAVE_GCC_THREAD_LOCAL_STORAGE    CMakeFiles/cmTC_6b1e0.dir/src.c.o  -o cmTC_6b1e0 
make[1]: Leaving directory '/home/sichunqin/code/cmocka-1.1.3/build/CMakeFiles/CMakeTmp'


Source file was:

__thread int tls;

int main(void) {
    return 0;
}
Performing C SOURCE FILE Test HAVE_CLOCK_REALTIME succeeded with the following output:
Change Dir: /home/sichunqin/code/cmocka-1.1.3/build/CMakeFiles/CMakeTmp

Run Build Command(s):/usr/bin/make cmTC_d2923/fast && /usr/bin/make -f CMakeFiles/cmTC_d2923.dir/build.make CMakeFiles/cmTC_d2923.dir/build
make[1]: Entering directory '/home/sichunqin/code/cmocka-1.1.3/build/CMakeFiles/CMakeTmp'
Building C object CMakeFiles/cmTC_d2923.dir/src.c.o
/usr/bin/cc   -DHAVE_CLOCK_REALTIME   -o CMakeFiles/cmTC_d2923.dir/src.c.o   -c /home/sichunqin/code/cmocka-1.1.3/build/CMakeFiles/CMakeTmp/src.c
Linking C executable cmTC_d2923
/usr/bin/cmake -E cmake_link_script CMakeFiles/cmTC_d2923.dir/link.txt --verbose=1
/usr/bin/cc  -DHAVE_CLOCK_REALTIME    CMakeFiles/cmTC_d2923.dir/src.c.o  -o cmTC_d2923  /usr/lib/x86_64-linux-gnu/librt.so 
make[1]: Leaving directory '/home/sichunqin/code/cmocka-1.1.3/build/CMakeFiles/CMakeTmp'


Source file was:

#include <time.h>

int main(void) {
    struct timespec ts;

    clock_gettime(CLOCK_REALTIME, &ts);

    return 0;
}
Determining size of unsigned short passed with the following output:
Change Dir: /home/sichunqin/code/cmocka-1.1.3/build/CMakeFiles/CMakeTmp

Run Build Command(s):/usr/bin/make cmTC_6ae55/fast && /usr/bin/make -f CMakeFiles/cmTC_6ae55.dir/build.make CMakeFiles/cmTC_6ae55.dir/build
make[1]: Entering directory '/home/sichunqin/code/cmocka-1.1.3/build/CMakeFiles/CMakeTmp'
Building C object CMakeFiles/cmTC_6ae55.dir/CMAKE_SIZEOF_UNSIGNED_SHORT.c.o
/usr/bin/cc    -o CMakeFiles/cmTC_6ae55.dir/CMAKE_SIZEOF_UNSIGNED_SHORT.c.o   -c /home/sichunqin/code/cmocka-1.1.3/build/CMakeFiles/CheckTypeSize/CMAKE_SIZEOF_UNSIGNED_SHORT.c
Linking C executable cmTC_6ae55
/usr/bin/cmake -E cmake_link_script CMakeFiles/cmTC_6ae55.dir/link.txt --verbose=1
/usr/bin/cc      CMakeFiles/cmTC_6ae55.dir/CMAKE_SIZEOF_UNSIGNED_SHORT.c.o  -o cmTC_6ae55 
make[1]: Leaving directory '/home/sichunqin/code/cmocka-1.1.3/build/CMakeFiles/CMakeTmp'



Determining if the system is big endian passed with the following output:
Change Dir: /home/sichunqin/code/cmocka-1.1.3/build/CMakeFiles/CMakeTmp

Run Build Command(s):/usr/bin/make cmTC_9a091/fast && /usr/bin/make -f CMakeFiles/cmTC_9a091.dir/build.make CMakeFiles/cmTC_9a091.dir/build
make[1]: Entering directory '/home/sichunqin/code/cmocka-1.1.3/build/CMakeFiles/CMakeTmp'
Building C object CMakeFiles/cmTC_9a091.dir/TestEndianess.c.o
/usr/bin/cc    -o CMakeFiles/cmTC_9a091.dir/TestEndianess.c.o   -c /home/sichunqin/code/cmocka-1.1.3/build/CMakeFiles/CMakeTmp/TestEndianess.c
Linking C executable cmTC_9a091
/usr/bin/cmake -E cmake_link_script CMakeFiles/cmTC_9a091.dir/link.txt --verbose=1
/usr/bin/cc      CMakeFiles/cmTC_9a091.dir/TestEndianess.c.o  -o cmTC_9a091 
make[1]: Leaving directory '/home/sichunqin/code/cmocka-1.1.3/build/CMakeFiles/CMakeTmp'


TestEndianess.c:
/* A 16 bit integer is required. */
typedef unsigned short cmakeint16;

/* On a little endian machine, these 16bit ints will give "THIS IS LITTLE ENDIAN."
   On a big endian machine the characters will be exchanged pairwise. */
const cmakeint16 info_little[] =  {0x4854, 0x5349, 0x4920, 0x2053, 0x494c, 0x5454, 0x454c, 0x4520, 0x444e, 0x4149, 0x2e4e, 0x0000};

/* on a big endian machine, these 16bit ints will give "THIS IS BIG ENDIAN."
   On a little endian machine the characters will be exchanged pairwise. */
const cmakeint16 info_big[] =     {0x5448, 0x4953, 0x2049, 0x5320, 0x4249, 0x4720, 0x454e, 0x4449, 0x414e, 0x2e2e, 0x0000};

#ifdef __CLASSIC_C__
int main(argc, argv) int argc; char *argv[];
#else
int main(int argc, char *argv[])
#endif
{
  int require = 0;
  require += info_little[argc];
  require += info_big[argc];
  (void)argv;
  return require;
}


